1373664608,Admin,Market=Closed,ERROR%3A+market+is+already+closed.
1373665054,Admin,Market=Closed,ERROR%3A+market+is+already+closed.
1373665369,Admin,Market=Closed,ERROR%3A+market+is+already+closed.
1373665592,Admin,Market=Closed,ERROR%3A+market+is+already+closed.
1373750104,Admin,OrderSerial%5b1%5d=100038-01&OrderFillQuantity%5b1%5d=4,ERROR%3A+orders+cannot+be+placed+or+filled+when+the+market+is+closed.
1373769930,Admin,Market=Initialize,ERROR%3A+market+is+already+closed.
1373769938,Admin,Market=Initialize,ERROR%3A+market+is+already+closed.
1373769959,Admin,showadmin,ERROR%3A+market+is+already+closed.
1373769966,Admin,showadmin,ERROR%3A+market+is+already+closed.
1373769972,Admin,showadmin,ERROR%3A+market+is+already+closed.
1373769978,Admin,showadmin,ERROR%3A+market+is+already+closed.
1373769984,Admin,showadmin,ERROR%3A+market+is+already+closed.
1373769990,Admin,showadmin,ERROR%3A+market+is+already+closed.
1373769996,Admin,showadmin,ERROR%3A+market+is+already+closed.
1373770002,Admin,showadmin,ERROR%3A+market+is+already+closed.
1373770005,Admin,Market=Initialize,ERROR%3A+market+is+already+closed.
1373770008,Admin,showadmin,ERROR%3A+market+is+already+closed.
1373770014,Admin,showadmin,ERROR%3A+market+is+already+closed.
1373770020,Admin,showadmin,ERROR%3A+market+is+already+closed.
1373770026,Admin,showadmin,ERROR%3A+market+is+already+closed.
1373770032,Admin,showadmin,ERROR%3A+market+is+already+closed.
1373770037,Admin,showadmin&market=closed,ERROR%3A+market+is+already+closed.
1373770043,Admin,showadmin&market=closed,ERROR%3A+market+is+already+closed.
1373770050,Admin,showadmin&market=closed,ERROR%3A+market+is+already+closed.
1373770050,Admin,showadmin&market=initialize,ERROR%3A+market+is+already+closed.
1373770056,Admin,showadmin&market=initialize,ERROR%3A+market+is+already+closed.
1373770062,Admin,showadmin&market=initialize,ERROR%3A+market+is+already+closed.
1373770069,Admin,showadmin&market=initialize,ERROR%3A+market+is+already+closed.
1373770075,Admin,showadmin&market=initialize,ERROR%3A+market+is+already+closed.
1373770081,Admin,showadmin&market=initialize,ERROR%3A+market+is+already+closed.
1373770087,Admin,showadmin&market=initialize,ERROR%3A+market+is+already+closed.
1373770093,Admin,showadmin&market=initialize,ERROR%3A+market+is+already+closed.
1373770099,Admin,showadmin&market=initialize,ERROR%3A+market+is+already+closed.
1373770105,Admin,showadmin&market=initialize,ERROR%3A+market+is+already+closed.
1373770111,Admin,showadmin&market=initialize,ERROR%3A+market+is+already+closed.
1373770117,Admin,showadmin&market=initialize,ERROR%3A+market+is+already+closed.
1373770123,Admin,showadmin&market=initialize,ERROR%3A+market+is+already+closed.
1373770128,Admin,showadmin&market=initialize,ERROR%3A+market+is+already+closed.
1373770135,Admin,showadmin&market=initialize,ERROR%3A+market+is+already+closed.
1373770141,Admin,showadmin&market=initialize,ERROR%3A+market+is+already+closed.
1373770147,Admin,showadmin&market=initialize,ERROR%3A+market+is+already+closed.
1373770153,Admin,showadmin&market=initialize,ERROR%3A+market+is+already+closed.
1373770159,Admin,showadmin&market=initialize,ERROR%3A+market+is+already+closed.
1373770165,Admin,showadmin&market=initialize,ERROR%3A+market+is+already+closed.
1373770171,Admin,showadmin&market=initialize,ERROR%3A+market+is+already+closed.
1373770177,Admin,showadmin&market=initialize,ERROR%3A+market+is+already+closed.
1373770183,Admin,showadmin&market=initialize,ERROR%3A+market+is+already+closed.
1373770189,Admin,showadmin&market=initialize,ERROR%3A+market+is+already+closed.
1373770195,Admin,showadmin&market=initialize,ERROR%3A+market+is+already+closed.
1373770201,Admin,showadmin&market=initialize,ERROR%3A+market+is+already+closed.
1373770207,Admin,showadmin&market=initialize,ERROR%3A+market+is+already+closed.
1373770213,Admin,showadmin&market=initialize,ERROR%3A+market+is+already+closed.
1373770219,Admin,showadmin&market=initialize,ERROR%3A+market+is+already+closed.
1373770225,Admin,showadmin&market=initialize,ERROR%3A+market+is+already+closed.
1373770231,Admin,showadmin&market=initialize,ERROR%3A+market+is+already+closed.
1373770237,Admin,showadmin&market=initialize,ERROR%3A+market+is+already+closed.
1373770243,Admin,showadmin&market=initialize,ERROR%3A+market+is+already+closed.
1373770249,Admin,showadmin&market=initialize,ERROR%3A+market+is+already+closed.
1373770255,Admin,showadmin&market=initialize,ERROR%3A+market+is+already+closed.
1373770261,Admin,showadmin&market=initialize,ERROR%3A+market+is+already+closed.
1373770267,Admin,showadmin&market=initialize,ERROR%3A+market+is+already+closed.
1373770273,Admin,showadmin&market=initialize,ERROR%3A+market+is+already+closed.
1373770327,Admin,showadmin,ERROR%3A+market+is+already+closed.
1373770334,Admin,showadmin,ERROR%3A+market+is+already+closed.
1373770340,Admin,showadmin,ERROR%3A+market+is+already+closed.
1373770346,Admin,showadmin,ERROR%3A+market+is+already+closed.
1373770351,Admin,market=initialize,ERROR%3A+market+is+already+closed.
1373770362,Admin,market=initialize&showadmin,ERROR%3A+market+is+already+closed.
1373770369,Admin,market=initialize&showadmin,ERROR%3A+market+is+already+closed.
1373770375,Admin,market=initialize&showadmin,ERROR%3A+market+is+already+closed.
1373770381,Admin,market=initialize&showadmin,ERROR%3A+market+is+already+closed.
1373770387,Admin,market=initialize&showadmin,ERROR%3A+market+is+already+closed.
1373770389,Admin,showadmin,ERROR%3A+market+is+already+closed.
1373800572,Admin,showadmin,ERROR%3A+market+is+already+closed.
1373800579,Admin,showadmin,ERROR%3A+market+is+already+closed.
1373800585,Admin,showadmin,ERROR%3A+market+is+already+closed.
1373800591,Admin,showadmin,ERROR%3A+market+is+already+closed.
1373800597,Admin,showadmin,ERROR%3A+market+is+already+closed.
1373800602,Admin,showadmin&market=initialize,ERROR%3A+market+is+already+closed.
1373800608,Admin,showadmin&market=initialize,ERROR%3A+market+is+already+closed.
1373800614,Admin,showadmin&market=initialize,ERROR%3A+market+is+already+closed.
1373800620,Admin,showadmin&market=initialize,ERROR%3A+market+is+already+closed.
1373800648,Admin,Market=Initialize,ERROR%3A+market+is+already+closed.
1373800664,Admin,showadmin,ERROR%3A+market+is+already+closed.
1373800670,Admin,showadmin,ERROR%3A+market+is+already+closed.
1373800676,Admin,showadmin,ERROR%3A+market+is+already+closed.
1373800683,Admin,showadmin,ERROR%3A+market+is+already+closed.
1373800688,Admin,showadmin,ERROR%3A+market+is+already+closed.
1373800692,Admin,market=initialize&team[1]=GC,ERROR%3A+market+is+already+closed.
1373800723,Admin,showadmin,ERROR%3A+market+is+already+closed.
1373817876,Admin,Market=Initialize,ERROR%3A+close+existing+market+before+initializing.
1373821067,Admin,Market=Initialize,ERROR%3A+close+existing+market+before+initializing.
1373821085,Admin,market=close,ERROR%3A+unrecognized+value+for+%27market%27.
1373825040,Admin,Market=Initialize,ERROR%3A+close+existing+market+before+initializing.
1373825350,Admin,OrderSerial%5b12%5d&OrderFillQuantity%5b12%5d=9,ERROR%3A+orders+cannot+be+placed+or+filled+when+the+market+is+closed.
1373980137,Admin,Market=Initialize,ERROR%3A+close+existing+market+before+initializing.
1373980190,Admin,Market=Initialize,ERROR%3A+close+existing+market+before+initializing.
1374086965,Admin,Market=Initialize,ERROR%3A+close+existing+market+before+initializing.
1374109096,Admin,OrderSerial%5b5%5d&OrderFillQuantity%5b5%5d=1&OrderFillPrice%5b6.15%5d=1,ERROR%3A+serial+unknown+for+order+6.15.
1374109114,Admin,OrderSerial%5b6%5d&OrderFillQuantity%5b6%5d=1&OrderFillPrice%5b6.01%5d=1,ERROR%3A+serial+unknown+for+order+6.01.
1374109117,Admin,OrderSerial%5b1%5d&OrderFillQuantity%5b1%5d=1&OrderFillPrice%5b5.12%5d=1,ERROR%3A+serial+unknown+for+order+5.12.
1374109120,Admin,OrderSerial%5b3%5d&OrderFillQuantity%5b3%5d=3&OrderFillPrice%5b5.5%5d=3,ERROR%3A+serial+unknown+for+order+5.5.
1374167410,Admin,showadmin&debug=true,ERROR%3A+unrecognized+parameter%3A+%27debug%27
1374167415,Admin,showadmin&debug=true,ERROR%3A+unrecognized+parameter%3A+%27debug%27
1374167421,Admin,showadmin&debug=true,ERROR%3A+unrecognized+parameter%3A+%27debug%27
1374167428,Admin,showadmin&debug=true,ERROR%3A+unrecognized+parameter%3A+%27debug%27
1374167433,Admin,showadmin&debug=true,ERROR%3A+unrecognized+parameter%3A+%27debug%27
1374167440,Admin,showadmin&debug=true,ERROR%3A+unrecognized+parameter%3A+%27debug%27
1374167445,Admin,showadmin&debug=true,ERROR%3A+unrecognized+parameter%3A+%27debug%27
1374167451,Admin,showadmin&debug=true,ERROR%3A+unrecognized+parameter%3A+%27debug%27
1374167458,Admin,showadmin&debug=true,ERROR%3A+unrecognized+parameter%3A+%27debug%27
1374167464,Admin,showadmin&debug=true,ERROR%3A+unrecognized+parameter%3A+%27debug%27
1374167470,Admin,showadmin&debug=true,ERROR%3A+unrecognized+parameter%3A+%27debug%27
1374167475,Admin,showadmin&debug=true,ERROR%3A+unrecognized+parameter%3A+%27debug%27
1374167482,Admin,showadmin&debug=true,ERROR%3A+unrecognized+parameter%3A+%27debug%27
1374167488,Admin,showadmin&debug=true,ERROR%3A+unrecognized+parameter%3A+%27debug%27
1374167494,Admin,showadmin&debug=true,ERROR%3A+unrecognized+parameter%3A+%27debug%27
1374167500,Admin,showadmin&debug=true,ERROR%3A+unrecognized+parameter%3A+%27debug%27
1374167505,Admin,showadmin&debug=true,ERROR%3A+unrecognized+parameter%3A+%27debug%27
1374167512,Admin,showadmin&debug=true,ERROR%3A+unrecognized+parameter%3A+%27debug%27
1374167518,Admin,showadmin&debug=true,ERROR%3A+unrecognized+parameter%3A+%27debug%27
1374167524,Admin,showadmin&debug=true,ERROR%3A+unrecognized+parameter%3A+%27debug%27
1374167530,Admin,showadmin&debug=true,ERROR%3A+unrecognized+parameter%3A+%27debug%27
1374167536,Admin,showadmin&debug=true,ERROR%3A+unrecognized+parameter%3A+%27debug%27
1374167542,Admin,showadmin&debug=true,ERROR%3A+unrecognized+parameter%3A+%27debug%27
1374167548,Admin,showadmin&debug=true,ERROR%3A+unrecognized+parameter%3A+%27debug%27
1374167554,Admin,showadmin&debug=true,ERROR%3A+unrecognized+parameter%3A+%27debug%27
1374167560,Admin,showadmin&debug=true,ERROR%3A+unrecognized+parameter%3A+%27debug%27
1374167566,Admin,showadmin&debug=true,ERROR%3A+unrecognized+parameter%3A+%27debug%27
1374167572,Admin,showadmin&debug=true,ERROR%3A+unrecognized+parameter%3A+%27debug%27
1374167578,Admin,showadmin&debug=true,ERROR%3A+unrecognized+parameter%3A+%27debug%27
1374167584,Admin,showadmin&debug=true,ERROR%3A+unrecognized+parameter%3A+%27debug%27
1374167590,Admin,showadmin&debug=true,ERROR%3A+unrecognized+parameter%3A+%27debug%27
1374167596,Admin,showadmin&debug=true,ERROR%3A+unrecognized+parameter%3A+%27debug%27
1374167602,Admin,showadmin&debug=true,ERROR%3A+unrecognized+parameter%3A+%27debug%27
1374167608,Admin,showadmin&debug=true,ERROR%3A+unrecognized+parameter%3A+%27debug%27
1374167614,Admin,showadmin&debug=true,ERROR%3A+unrecognized+parameter%3A+%27debug%27
1374167620,Admin,showadmin&debug=true,ERROR%3A+unrecognized+parameter%3A+%27debug%27
1374167626,Admin,showadmin&debug=true,ERROR%3A+unrecognized+parameter%3A+%27debug%27
1374167696,Admin,showadmin&debug=true,ERROR%3A+unrecognized+parameter%3A+%27debug%27
1374167708,Admin,showadmin&debug=true,ERROR%3A+unrecognized+parameter%3A+%27debug%27
1374167715,Admin,showadmin&debug=true,ERROR%3A+unrecognized+parameter%3A+%27debug%27
1374167718,Admin,showadmin&debug=true,ERROR%3A+unrecognized+parameter%3A+%27debug%27
1374167728,Admin,showadmin&debug=true,ERROR%3A+unrecognized+parameter%3A+%27debug%27
1374167734,Admin,showadmin&debug=true,ERROR%3A+unrecognized+parameter%3A+%27debug%27
1374167740,Admin,showadmin&debug=true,ERROR%3A+unrecognized+parameter%3A+%27debug%27
1374167746,Admin,showadmin&debug=true,ERROR%3A+unrecognized+parameter%3A+%27debug%27
1374167752,Admin,showadmin&debug=true,ERROR%3A+unrecognized+parameter%3A+%27debug%27
1374167758,Admin,showadmin&debug=true,ERROR%3A+unrecognized+parameter%3A+%27debug%27
1374167764,Admin,showadmin&debug=true,ERROR%3A+unrecognized+parameter%3A+%27debug%27
1374167770,Admin,showadmin&debug=true,ERROR%3A+unrecognized+parameter%3A+%27debug%27
1374167776,Admin,showadmin&debug=true,ERROR%3A+unrecognized+parameter%3A+%27debug%27
1374167782,Admin,showadmin&debug=true,ERROR%3A+unrecognized+parameter%3A+%27debug%27
1374167788,Admin,showadmin&debug=true,ERROR%3A+unrecognized+parameter%3A+%27debug%27
1374167794,Admin,showadmin&debug=true,ERROR%3A+unrecognized+parameter%3A+%27debug%27
1374167800,Admin,showadmin&debug=true,ERROR%3A+unrecognized+parameter%3A+%27debug%27
1374167806,Admin,showadmin&debug=true,ERROR%3A+unrecognized+parameter%3A+%27debug%27
1374167812,Admin,showadmin&debug=true,ERROR%3A+unrecognized+parameter%3A+%27debug%27
1374167818,Admin,showadmin&debug=true,ERROR%3A+unrecognized+parameter%3A+%27debug%27
1374167824,Admin,showadmin&debug=true,ERROR%3A+unrecognized+parameter%3A+%27debug%27
1374167830,Admin,showadmin&debug=true,ERROR%3A+unrecognized+parameter%3A+%27debug%27
1374167836,Admin,showadmin&debug=true,ERROR%3A+unrecognized+parameter%3A+%27debug%27
1374167842,Admin,showadmin&debug=true,ERROR%3A+unrecognized+parameter%3A+%27debug%27
1374167848,Admin,showadmin&debug=true,ERROR%3A+unrecognized+parameter%3A+%27debug%27
1374167854,Admin,showadmin&debug=true,ERROR%3A+unrecognized+parameter%3A+%27debug%27
1374167860,Admin,showadmin&debug=true,ERROR%3A+unrecognized+parameter%3A+%27debug%27
1374167866,Admin,showadmin&debug=true,ERROR%3A+unrecognized+parameter%3A+%27debug%27
1374167872,Admin,showadmin&debug=true,ERROR%3A+unrecognized+parameter%3A+%27debug%27
1374167879,Admin,showadmin&debug=true,ERROR%3A+unrecognized+parameter%3A+%27debug%27
1374167884,Admin,showadmin&debug=true,ERROR%3A+unrecognized+parameter%3A+%27debug%27
1374167890,Admin,showadmin&debug=true,ERROR%3A+unrecognized+parameter%3A+%27debug%27
1374167896,Admin,showadmin&debug=true,ERROR%3A+unrecognized+parameter%3A+%27debug%27
1374167902,Admin,showadmin&debug=true,ERROR%3A+unrecognized+parameter%3A+%27debug%27
1374167908,Admin,showadmin&debug=true,ERROR%3A+unrecognized+parameter%3A+%27debug%27
1374167914,Admin,showadmin&debug=true,ERROR%3A+unrecognized+parameter%3A+%27debug%27
1374167920,Admin,showadmin&debug=true,ERROR%3A+unrecognized+parameter%3A+%27debug%27
1374167926,Admin,showadmin&debug=true,ERROR%3A+unrecognized+parameter%3A+%27debug%27
1374167932,Admin,showadmin&debug=true,ERROR%3A+unrecognized+parameter%3A+%27debug%27
1374167938,Admin,showadmin&debug=true,ERROR%3A+unrecognized+parameter%3A+%27debug%27
1374167945,Admin,showadmin&debug=true,ERROR%3A+unrecognized+parameter%3A+%27debug%27
1374167950,Admin,showadmin&debug=true,ERROR%3A+unrecognized+parameter%3A+%27debug%27
1374167956,Admin,showadmin&debug=true,ERROR%3A+unrecognized+parameter%3A+%27debug%27
1374167963,Admin,showadmin&debug=true,ERROR%3A+unrecognized+parameter%3A+%27debug%27
1374167968,Admin,showadmin&debug=true,ERROR%3A+unrecognized+parameter%3A+%27debug%27
1374167974,Admin,showadmin&debug=true,ERROR%3A+unrecognized+parameter%3A+%27debug%27
1374167980,Admin,showadmin&debug=true,ERROR%3A+unrecognized+parameter%3A+%27debug%27
1374167987,Admin,showadmin&debug=true,ERROR%3A+unrecognized+parameter%3A+%27debug%27
1374167992,Admin,showadmin&debug=true,ERROR%3A+unrecognized+parameter%3A+%27debug%27
1374167998,Admin,showadmin&debug=true,ERROR%3A+unrecognized+parameter%3A+%27debug%27
1374168004,Admin,showadmin&debug=true,ERROR%3A+unrecognized+parameter%3A+%27debug%27
1374168010,Admin,showadmin&debug=true,ERROR%3A+unrecognized+parameter%3A+%27debug%27
1374168017,Admin,showadmin&debug=true,ERROR%3A+unrecognized+parameter%3A+%27debug%27
1374168022,Admin,showadmin&debug=true,ERROR%3A+unrecognized+parameter%3A+%27debug%27
1374168029,Admin,showadmin&debug=true,ERROR%3A+unrecognized+parameter%3A+%27debug%27
1374168034,Admin,showadmin&debug=true,ERROR%3A+unrecognized+parameter%3A+%27debug%27
1374168042,Admin,showadmin&debug=true,ERROR%3A+unrecognized+parameter%3A+%27debug%27
1374168046,Admin,showadmin&debug=true,ERROR%3A+unrecognized+parameter%3A+%27debug%27
1374168053,Admin,showadmin&debug=true,ERROR%3A+unrecognized+parameter%3A+%27debug%27
1374168058,Admin,showadmin&debug=true,ERROR%3A+unrecognized+parameter%3A+%27debug%27
1374168064,Admin,showadmin&debug=true,ERROR%3A+unrecognized+parameter%3A+%27debug%27
1374168070,Admin,showadmin&debug=true,ERROR%3A+unrecognized+parameter%3A+%27debug%27
1374168077,Admin,showadmin&debug=true,ERROR%3A+unrecognized+parameter%3A+%27debug%27
1374168083,Admin,showadmin&debug=true,ERROR%3A+unrecognized+parameter%3A+%27debug%27
1374168089,Admin,showadmin&debug=true,ERROR%3A+unrecognized+parameter%3A+%27debug%27
1374168094,Admin,showadmin&debug=true,ERROR%3A+unrecognized+parameter%3A+%27debug%27
1374168101,Admin,showadmin&debug=true,ERROR%3A+unrecognized+parameter%3A+%27debug%27
1374168107,Admin,showadmin&debug=true,ERROR%3A+unrecognized+parameter%3A+%27debug%27
1374168113,Admin,showadmin&debug=true,ERROR%3A+unrecognized+parameter%3A+%27debug%27
1374168119,Admin,showadmin&debug=true,ERROR%3A+unrecognized+parameter%3A+%27debug%27
1374168124,Admin,showadmin&debug=true,ERROR%3A+unrecognized+parameter%3A+%27debug%27
1374168131,Admin,showadmin&debug=true,ERROR%3A+unrecognized+parameter%3A+%27debug%27
1374168137,Admin,showadmin&debug=true,ERROR%3A+unrecognized+parameter%3A+%27debug%27
1374168143,Admin,showadmin&debug=true,ERROR%3A+unrecognized+parameter%3A+%27debug%27
1374168149,Admin,showadmin&debug=true,ERROR%3A+unrecognized+parameter%3A+%27debug%27
1374168155,Admin,showadmin&debug=true,ERROR%3A+unrecognized+parameter%3A+%27debug%27
1374168161,Admin,showadmin&debug=true,ERROR%3A+unrecognized+parameter%3A+%27debug%27
1374168167,Admin,showadmin&debug=true,ERROR%3A+unrecognized+parameter%3A+%27debug%27
1374168173,Admin,showadmin&debug=true,ERROR%3A+unrecognized+parameter%3A+%27debug%27
1374168179,Admin,showadmin&debug=true,ERROR%3A+unrecognized+parameter%3A+%27debug%27
1374168185,Admin,showadmin&debug=true,ERROR%3A+unrecognized+parameter%3A+%27debug%27
1374168191,Admin,showadmin&debug=true,ERROR%3A+unrecognized+parameter%3A+%27debug%27
1374168197,Admin,showadmin&debug=true,ERROR%3A+unrecognized+parameter%3A+%27debug%27
1374168203,Admin,showadmin&debug=true,ERROR%3A+unrecognized+parameter%3A+%27debug%27
1374168209,Admin,showadmin&debug=true,ERROR%3A+unrecognized+parameter%3A+%27debug%27
1374168215,Admin,showadmin&debug=true,ERROR%3A+unrecognized+parameter%3A+%27debug%27
1374168221,Admin,showadmin&debug=true,ERROR%3A+unrecognized+parameter%3A+%27debug%27
1374168228,Admin,showadmin&debug=true,ERROR%3A+unrecognized+parameter%3A+%27debug%27
1374168233,Admin,showadmin&debug=true,ERROR%3A+unrecognized+parameter%3A+%27debug%27
1374168239,Admin,showadmin&debug=true,ERROR%3A+unrecognized+parameter%3A+%27debug%27
1374168245,Admin,showadmin&debug=true,ERROR%3A+unrecognized+parameter%3A+%27debug%27
1374168251,Admin,showadmin&debug=true,ERROR%3A+unrecognized+parameter%3A+%27debug%27
1374168257,Admin,showadmin&debug=true,ERROR%3A+unrecognized+parameter%3A+%27debug%27
1374168263,Admin,showadmin&debug=true,ERROR%3A+unrecognized+parameter%3A+%27debug%27
1374168269,Admin,showadmin&debug=true,ERROR%3A+unrecognized+parameter%3A+%27debug%27
1374168275,Admin,showadmin&debug=true,ERROR%3A+unrecognized+parameter%3A+%27debug%27
1374168281,Admin,showadmin&debug=true,ERROR%3A+unrecognized+parameter%3A+%27debug%27
1374168287,Admin,showadmin&debug=true,ERROR%3A+unrecognized+parameter%3A+%27debug%27
1374168293,Admin,showadmin&debug=true,ERROR%3A+unrecognized+parameter%3A+%27debug%27
1374168299,Admin,showadmin&debug=true,ERROR%3A+unrecognized+parameter%3A+%27debug%27
1374168305,Admin,showadmin&debug=true,ERROR%3A+unrecognized+parameter%3A+%27debug%27
1374168311,Admin,showadmin&debug=true,ERROR%3A+unrecognized+parameter%3A+%27debug%27
1374168317,Admin,showadmin&debug=true,ERROR%3A+unrecognized+parameter%3A+%27debug%27
1374168324,Admin,showadmin&debug=true,ERROR%3A+unrecognized+parameter%3A+%27debug%27
1374168329,Admin,showadmin&debug=true,ERROR%3A+unrecognized+parameter%3A+%27debug%27
1374168335,Admin,showadmin&debug=true,ERROR%3A+unrecognized+parameter%3A+%27debug%27
1374168341,Admin,showadmin&debug=true,ERROR%3A+unrecognized+parameter%3A+%27debug%27
1374168348,Admin,showadmin&debug=true,ERROR%3A+unrecognized+parameter%3A+%27debug%27
1374168354,Admin,showadmin&debug=true,ERROR%3A+unrecognized+parameter%3A+%27debug%27
1374168359,Admin,showadmin&debug=true,ERROR%3A+unrecognized+parameter%3A+%27debug%27
1374168365,Admin,showadmin&debug=true,ERROR%3A+unrecognized+parameter%3A+%27debug%27
1374168371,Admin,showadmin&debug=true,ERROR%3A+unrecognized+parameter%3A+%27debug%27
1374168377,Admin,showadmin&debug=true,ERROR%3A+unrecognized+parameter%3A+%27debug%27
1374168383,Admin,showadmin&debug=true,ERROR%3A+unrecognized+parameter%3A+%27debug%27
1374168389,Admin,showadmin&debug=true,ERROR%3A+unrecognized+parameter%3A+%27debug%27
1374168395,Admin,showadmin&debug=true,ERROR%3A+unrecognized+parameter%3A+%27debug%27
1374168401,Admin,showadmin&debug=true,ERROR%3A+unrecognized+parameter%3A+%27debug%27
1374168407,Admin,showadmin&debug=true,ERROR%3A+unrecognized+parameter%3A+%27debug%27
1374168415,Admin,showadmin&debug=true,ERROR%3A+unrecognized+parameter%3A+%27debug%27
1374168419,Admin,showadmin&debug=true,ERROR%3A+unrecognized+parameter%3A+%27debug%27
1374168426,Admin,showadmin&debug=true,ERROR%3A+unrecognized+parameter%3A+%27debug%27
1374168432,Admin,showadmin&debug=true,ERROR%3A+unrecognized+parameter%3A+%27debug%27
1374168437,Admin,showadmin&debug=true,ERROR%3A+unrecognized+parameter%3A+%27debug%27
1374168444,Admin,showadmin&debug=true,ERROR%3A+unrecognized+parameter%3A+%27debug%27
1374168449,Admin,showadmin&debug=true,ERROR%3A+unrecognized+parameter%3A+%27debug%27
1374168455,Admin,showadmin&debug=true,ERROR%3A+unrecognized+parameter%3A+%27debug%27
1374168461,Admin,showadmin&debug=true,ERROR%3A+unrecognized+parameter%3A+%27debug%27
1374168467,Admin,showadmin&debug=true,ERROR%3A+unrecognized+parameter%3A+%27debug%27
1374168474,Admin,showadmin&debug=true,ERROR%3A+unrecognized+parameter%3A+%27debug%27
1374168479,Admin,showadmin&debug=true,ERROR%3A+unrecognized+parameter%3A+%27debug%27
1374168485,Admin,showadmin&debug=true,ERROR%3A+unrecognized+parameter%3A+%27debug%27
1374168492,Admin,showadmin&debug=true,ERROR%3A+unrecognized+parameter%3A+%27debug%27
1374168498,Admin,showadmin&debug=true,ERROR%3A+unrecognized+parameter%3A+%27debug%27
1374168504,Admin,showadmin&debug=true,ERROR%3A+unrecognized+parameter%3A+%27debug%27
1374168510,Admin,showadmin&debug=true,ERROR%3A+unrecognized+parameter%3A+%27debug%27
1374168516,Admin,showadmin&debug=true,ERROR%3A+unrecognized+parameter%3A+%27debug%27
1374168522,Admin,showadmin&debug=true,ERROR%3A+unrecognized+parameter%3A+%27debug%27
1374168529,Admin,showadmin&debug=true,ERROR%3A+unrecognized+parameter%3A+%27debug%27
1374168534,Admin,showadmin&debug=true,ERROR%3A+unrecognized+parameter%3A+%27debug%27
1374168540,Admin,showadmin&debug=true,ERROR%3A+unrecognized+parameter%3A+%27debug%27
1374168546,Admin,showadmin&debug=true,ERROR%3A+unrecognized+parameter%3A+%27debug%27
1374168552,Admin,showadmin&debug=true,ERROR%3A+unrecognized+parameter%3A+%27debug%27
1374168558,Admin,showadmin&debug=true,ERROR%3A+unrecognized+parameter%3A+%27debug%27
1374168564,Admin,showadmin&debug=true,ERROR%3A+unrecognized+parameter%3A+%27debug%27
1374168570,Admin,showadmin&debug=true,ERROR%3A+unrecognized+parameter%3A+%27debug%27
1374168575,Admin,showadmin&debug=true,ERROR%3A+unrecognized+parameter%3A+%27debug%27
1374168582,Admin,showadmin&debug=true,ERROR%3A+unrecognized+parameter%3A+%27debug%27
1374168588,Admin,showadmin&debug=true,ERROR%3A+unrecognized+parameter%3A+%27debug%27
1374168593,Admin,showadmin&debug=true,ERROR%3A+unrecognized+parameter%3A+%27debug%27
1374168600,Admin,showadmin&debug=true,ERROR%3A+unrecognized+parameter%3A+%27debug%27
1374168606,Admin,showadmin&debug=true,ERROR%3A+unrecognized+parameter%3A+%27debug%27
1374168612,Admin,showadmin&debug=true,ERROR%3A+unrecognized+parameter%3A+%27debug%27
1374168618,Admin,showadmin&debug=true,ERROR%3A+unrecognized+parameter%3A+%27debug%27
1374168624,Admin,showadmin&debug=true,ERROR%3A+unrecognized+parameter%3A+%27debug%27
1374168630,Admin,showadmin&debug=true,ERROR%3A+unrecognized+parameter%3A+%27debug%27
1374168637,Admin,showadmin&debug=true,ERROR%3A+unrecognized+parameter%3A+%27debug%27
1374168642,Admin,showadmin&debug=true,ERROR%3A+unrecognized+parameter%3A+%27debug%27
1374168648,Admin,showadmin&debug=true,ERROR%3A+unrecognized+parameter%3A+%27debug%27
1374168654,Admin,showadmin&debug=true,ERROR%3A+unrecognized+parameter%3A+%27debug%27
1374168660,Admin,showadmin&debug=true,ERROR%3A+unrecognized+parameter%3A+%27debug%27
1374168666,Admin,showadmin&debug=true,ERROR%3A+unrecognized+parameter%3A+%27debug%27
1374168672,Admin,showadmin&debug=true,ERROR%3A+unrecognized+parameter%3A+%27debug%27
1374168678,Admin,showadmin&debug=true,ERROR%3A+unrecognized+parameter%3A+%27debug%27
1374168684,Admin,showadmin&debug=true,ERROR%3A+unrecognized+parameter%3A+%27debug%27
1374168690,Admin,showadmin&debug=true,ERROR%3A+unrecognized+parameter%3A+%27debug%27
1374168696,Admin,showadmin&debug=true,ERROR%3A+unrecognized+parameter%3A+%27debug%27
1374168702,Admin,showadmin&debug=true,ERROR%3A+unrecognized+parameter%3A+%27debug%27
1374168708,Admin,showadmin&debug=true,ERROR%3A+unrecognized+parameter%3A+%27debug%27
1374168714,Admin,showadmin&debug=true,ERROR%3A+unrecognized+parameter%3A+%27debug%27
1374168720,Admin,showadmin&debug=true,ERROR%3A+unrecognized+parameter%3A+%27debug%27
1374168726,Admin,showadmin&debug=true,ERROR%3A+unrecognized+parameter%3A+%27debug%27
1374168732,Admin,showadmin&debug=true,ERROR%3A+unrecognized+parameter%3A+%27debug%27
1374168738,Admin,showadmin&debug=true,ERROR%3A+unrecognized+parameter%3A+%27debug%27
1374168744,Admin,showadmin&debug=true,ERROR%3A+unrecognized+parameter%3A+%27debug%27
1374168750,Admin,showadmin&debug=true,ERROR%3A+unrecognized+parameter%3A+%27debug%27
1374168756,Admin,showadmin&debug=true,ERROR%3A+unrecognized+parameter%3A+%27debug%27
1374168762,Admin,showadmin&debug=true,ERROR%3A+unrecognized+parameter%3A+%27debug%27
1374168768,Admin,showadmin&debug=true,ERROR%3A+unrecognized+parameter%3A+%27debug%27
1374168774,Admin,showadmin&debug=true,ERROR%3A+unrecognized+parameter%3A+%27debug%27
1374168780,Admin,showadmin&debug=true,ERROR%3A+unrecognized+parameter%3A+%27debug%27
1374168786,Admin,showadmin&debug=true,ERROR%3A+unrecognized+parameter%3A+%27debug%27
1374168792,Admin,showadmin&debug=true,ERROR%3A+unrecognized+parameter%3A+%27debug%27
1374168798,Admin,showadmin&debug=true,ERROR%3A+unrecognized+parameter%3A+%27debug%27
1374168804,Admin,showadmin&debug=true,ERROR%3A+unrecognized+parameter%3A+%27debug%27
1374168810,Admin,showadmin&debug=true,ERROR%3A+unrecognized+parameter%3A+%27debug%27
1374168816,Admin,showadmin&debug=true,ERROR%3A+unrecognized+parameter%3A+%27debug%27
1374168822,Admin,showadmin&debug=true,ERROR%3A+unrecognized+parameter%3A+%27debug%27
1374168828,Admin,showadmin&debug=true,ERROR%3A+unrecognized+parameter%3A+%27debug%27
1374168834,Admin,showadmin&debug=true,ERROR%3A+unrecognized+parameter%3A+%27debug%27
1374168840,Admin,showadmin&debug=true,ERROR%3A+unrecognized+parameter%3A+%27debug%27
1374168846,Admin,showadmin&debug=true,ERROR%3A+unrecognized+parameter%3A+%27debug%27
1374168852,Admin,showadmin&debug=true,ERROR%3A+unrecognized+parameter%3A+%27debug%27
1374168858,Admin,showadmin&debug=true,ERROR%3A+unrecognized+parameter%3A+%27debug%27
1374168864,Admin,showadmin&debug=true,ERROR%3A+unrecognized+parameter%3A+%27debug%27
1374168870,Admin,showadmin&debug=true,ERROR%3A+unrecognized+parameter%3A+%27debug%27
1374168876,Admin,showadmin&debug=true,ERROR%3A+unrecognized+parameter%3A+%27debug%27
1374168882,Admin,showadmin&debug=true,ERROR%3A+unrecognized+parameter%3A+%27debug%27
1374168888,Admin,showadmin&debug=true,ERROR%3A+unrecognized+parameter%3A+%27debug%27
1374168894,Admin,showadmin&debug=true,ERROR%3A+unrecognized+parameter%3A+%27debug%27
1374168901,Admin,showadmin&debug=true,ERROR%3A+unrecognized+parameter%3A+%27debug%27
1374168906,Admin,showadmin&debug=true,ERROR%3A+unrecognized+parameter%3A+%27debug%27
1374168912,Admin,showadmin&debug=true,ERROR%3A+unrecognized+parameter%3A+%27debug%27
1374168918,Admin,showadmin&debug=true,ERROR%3A+unrecognized+parameter%3A+%27debug%27
1374168924,Admin,showadmin&debug=true,ERROR%3A+unrecognized+parameter%3A+%27debug%27
1374168930,Admin,showadmin&debug=true,ERROR%3A+unrecognized+parameter%3A+%27debug%27
1374168936,Admin,showadmin&debug=true,ERROR%3A+unrecognized+parameter%3A+%27debug%27
1374168942,Admin,showadmin&debug=true,ERROR%3A+unrecognized+parameter%3A+%27debug%27
1374168949,Admin,showadmin&debug=true,ERROR%3A+unrecognized+parameter%3A+%27debug%27
1374168954,Admin,showadmin&debug=true,ERROR%3A+unrecognized+parameter%3A+%27debug%27
1374168960,Admin,showadmin&debug=true,ERROR%3A+unrecognized+parameter%3A+%27debug%27
1374168966,Admin,showadmin&debug=true,ERROR%3A+unrecognized+parameter%3A+%27debug%27
1374168973,Admin,showadmin&debug=true,ERROR%3A+unrecognized+parameter%3A+%27debug%27
1374168978,Admin,showadmin&debug=true,ERROR%3A+unrecognized+parameter%3A+%27debug%27
1374168984,Admin,showadmin&debug=true,ERROR%3A+unrecognized+parameter%3A+%27debug%27
1374168991,Admin,showadmin&debug=true,ERROR%3A+unrecognized+parameter%3A+%27debug%27
1374168997,Admin,showadmin&debug=true,ERROR%3A+unrecognized+parameter%3A+%27debug%27
1374169002,Admin,showadmin&debug=true,ERROR%3A+unrecognized+parameter%3A+%27debug%27
1374169008,Admin,showadmin&debug=true,ERROR%3A+unrecognized+parameter%3A+%27debug%27
1374169014,Admin,showadmin&debug=true,ERROR%3A+unrecognized+parameter%3A+%27debug%27
1374169020,Admin,showadmin&debug=true,ERROR%3A+unrecognized+parameter%3A+%27debug%27
1374169026,Admin,showadmin&debug=true,ERROR%3A+unrecognized+parameter%3A+%27debug%27
1374169032,Admin,showadmin&debug=true,ERROR%3A+unrecognized+parameter%3A+%27debug%27
1374169038,Admin,showadmin&debug=true,ERROR%3A+unrecognized+parameter%3A+%27debug%27
1374169045,Admin,showadmin&debug=true,ERROR%3A+unrecognized+parameter%3A+%27debug%27
1374169050,Admin,showadmin&debug=true,ERROR%3A+unrecognized+parameter%3A+%27debug%27
1374169056,Admin,showadmin&debug=true,ERROR%3A+unrecognized+parameter%3A+%27debug%27
1374169062,Admin,showadmin&debug=true,ERROR%3A+unrecognized+parameter%3A+%27debug%27
1374169068,Admin,showadmin&debug=true,ERROR%3A+unrecognized+parameter%3A+%27debug%27
1374169074,Admin,showadmin&debug=true,ERROR%3A+unrecognized+parameter%3A+%27debug%27
1374169080,Admin,showadmin&debug=true,ERROR%3A+unrecognized+parameter%3A+%27debug%27
1374169086,Admin,showadmin&debug=true,ERROR%3A+unrecognized+parameter%3A+%27debug%27
1374169092,Admin,showadmin&debug=true,ERROR%3A+unrecognized+parameter%3A+%27debug%27
1374169098,Admin,showadmin&debug=true,ERROR%3A+unrecognized+parameter%3A+%27debug%27
1374169104,Admin,showadmin&debug=true,ERROR%3A+unrecognized+parameter%3A+%27debug%27
1374169111,Admin,showadmin&debug=true,ERROR%3A+unrecognized+parameter%3A+%27debug%27
1374169117,Admin,showadmin&debug=true,ERROR%3A+unrecognized+parameter%3A+%27debug%27
1374169122,Admin,showadmin&debug=true,ERROR%3A+unrecognized+parameter%3A+%27debug%27
1374169129,Admin,showadmin&debug=true,ERROR%3A+unrecognized+parameter%3A+%27debug%27
1374169134,Admin,showadmin&debug=true,ERROR%3A+unrecognized+parameter%3A+%27debug%27
1374169141,Admin,showadmin&debug=true,ERROR%3A+unrecognized+parameter%3A+%27debug%27
1374169146,Admin,showadmin&debug=true,ERROR%3A+unrecognized+parameter%3A+%27debug%27
1374169153,Admin,showadmin&debug=true,ERROR%3A+unrecognized+parameter%3A+%27debug%27
1374169160,Admin,showadmin&debug=true,ERROR%3A+unrecognized+parameter%3A+%27debug%27
1374169165,Admin,showadmin&debug=true,ERROR%3A+unrecognized+parameter%3A+%27debug%27
1374169171,Admin,showadmin&debug=true,ERROR%3A+unrecognized+parameter%3A+%27debug%27
1374169177,Admin,showadmin&debug=true,ERROR%3A+unrecognized+parameter%3A+%27debug%27
1374169183,Admin,showadmin&debug=true,ERROR%3A+unrecognized+parameter%3A+%27debug%27
1374169189,Admin,showadmin&debug=true,ERROR%3A+unrecognized+parameter%3A+%27debug%27
1374169195,Admin,showadmin&debug=true,ERROR%3A+unrecognized+parameter%3A+%27debug%27
1374169201,Admin,showadmin&debug=true,ERROR%3A+unrecognized+parameter%3A+%27debug%27
1374169207,Admin,showadmin&debug=true,ERROR%3A+unrecognized+parameter%3A+%27debug%27
1374169213,Admin,showadmin&debug=true,ERROR%3A+unrecognized+parameter%3A+%27debug%27
1374169219,Admin,showadmin&debug=true,ERROR%3A+unrecognized+parameter%3A+%27debug%27
1374169225,Admin,showadmin&debug=true,ERROR%3A+unrecognized+parameter%3A+%27debug%27
1374169231,Admin,showadmin&debug=true,ERROR%3A+unrecognized+parameter%3A+%27debug%27
1374169238,Admin,showadmin&debug=true,ERROR%3A+unrecognized+parameter%3A+%27debug%27
1374169243,Admin,showadmin&debug=true,ERROR%3A+unrecognized+parameter%3A+%27debug%27
1374169249,Admin,showadmin&debug=true,ERROR%3A+unrecognized+parameter%3A+%27debug%27
1374169255,Admin,showadmin&debug=true,ERROR%3A+unrecognized+parameter%3A+%27debug%27
1374169261,Admin,showadmin&debug=true,ERROR%3A+unrecognized+parameter%3A+%27debug%27
1374169267,Admin,showadmin&debug=true,ERROR%3A+unrecognized+parameter%3A+%27debug%27
1374169273,Admin,showadmin&debug=true,ERROR%3A+unrecognized+parameter%3A+%27debug%27
1374169279,Admin,showadmin&debug=true,ERROR%3A+unrecognized+parameter%3A+%27debug%27
1374169285,Admin,showadmin&debug=true,ERROR%3A+unrecognized+parameter%3A+%27debug%27
1374169291,Admin,showadmin&debug=true,ERROR%3A+unrecognized+parameter%3A+%27debug%27
1374169297,Admin,showadmin&debug=true,ERROR%3A+unrecognized+parameter%3A+%27debug%27
1374169303,Admin,showadmin&debug=true,ERROR%3A+unrecognized+parameter%3A+%27debug%27
1374169309,Admin,showadmin&debug=true,ERROR%3A+unrecognized+parameter%3A+%27debug%27
1374169315,Admin,showadmin&debug=true,ERROR%3A+unrecognized+parameter%3A+%27debug%27
1374169321,Admin,showadmin&debug=true,ERROR%3A+unrecognized+parameter%3A+%27debug%27
1374169327,Admin,showadmin&debug=true,ERROR%3A+unrecognized+parameter%3A+%27debug%27
1374169333,Admin,showadmin&debug=true,ERROR%3A+unrecognized+parameter%3A+%27debug%27
1374169339,Admin,showadmin&debug=true,ERROR%3A+unrecognized+parameter%3A+%27debug%27
1374169345,Admin,showadmin&debug=true,ERROR%3A+unrecognized+parameter%3A+%27debug%27
1374169351,Admin,showadmin&debug=true,ERROR%3A+unrecognized+parameter%3A+%27debug%27
1374169357,Admin,showadmin&debug=true,ERROR%3A+unrecognized+parameter%3A+%27debug%27
1374169363,Admin,showadmin&debug=true,ERROR%3A+unrecognized+parameter%3A+%27debug%27
1374169369,Admin,showadmin&debug=true,ERROR%3A+unrecognized+parameter%3A+%27debug%27
1374169375,Admin,showadmin&debug=true,ERROR%3A+unrecognized+parameter%3A+%27debug%27
1374169381,Admin,showadmin&debug=true,ERROR%3A+unrecognized+parameter%3A+%27debug%27
1374169387,Admin,showadmin&debug=true,ERROR%3A+unrecognized+parameter%3A+%27debug%27
1374169393,Admin,showadmin&debug=true,ERROR%3A+unrecognized+parameter%3A+%27debug%27
1374169399,Admin,showadmin&debug=true,ERROR%3A+unrecognized+parameter%3A+%27debug%27
1374169405,Admin,showadmin&debug=true,ERROR%3A+unrecognized+parameter%3A+%27debug%27
1374169411,Admin,showadmin&debug=true,ERROR%3A+unrecognized+parameter%3A+%27debug%27
1374169417,Admin,showadmin&debug=true,ERROR%3A+unrecognized+parameter%3A+%27debug%27
1374169423,Admin,showadmin&debug=true,ERROR%3A+unrecognized+parameter%3A+%27debug%27
1374169429,Admin,showadmin&debug=true,ERROR%3A+unrecognized+parameter%3A+%27debug%27
1374169435,Admin,showadmin&debug=true,ERROR%3A+unrecognized+parameter%3A+%27debug%27
1374169441,Admin,showadmin&debug=true,ERROR%3A+unrecognized+parameter%3A+%27debug%27
1374169447,Admin,showadmin&debug=true,ERROR%3A+unrecognized+parameter%3A+%27debug%27
1374169453,Admin,showadmin&debug=true,ERROR%3A+unrecognized+parameter%3A+%27debug%27
1374169460,Admin,showadmin&debug=true,ERROR%3A+unrecognized+parameter%3A+%27debug%27
1374169465,Admin,showadmin&debug=true,ERROR%3A+unrecognized+parameter%3A+%27debug%27
1374169471,Admin,showadmin&debug=true,ERROR%3A+unrecognized+parameter%3A+%27debug%27
1374169477,Admin,showadmin&debug=true,ERROR%3A+unrecognized+parameter%3A+%27debug%27
1374169483,Admin,showadmin&debug=true,ERROR%3A+unrecognized+parameter%3A+%27debug%27
1374169489,Admin,showadmin&debug=true,ERROR%3A+unrecognized+parameter%3A+%27debug%27
1374169495,Admin,showadmin&debug=true,ERROR%3A+unrecognized+parameter%3A+%27debug%27
1374169501,Admin,showadmin&debug=true,ERROR%3A+unrecognized+parameter%3A+%27debug%27
1374169507,Admin,showadmin&debug=true,ERROR%3A+unrecognized+parameter%3A+%27debug%27
1374169513,Admin,showadmin&debug=true,ERROR%3A+unrecognized+parameter%3A+%27debug%27
1374169519,Admin,showadmin&debug=true,ERROR%3A+unrecognized+parameter%3A+%27debug%27
1374169525,Admin,showadmin&debug=true,ERROR%3A+unrecognized+parameter%3A+%27debug%27
1374169531,Admin,showadmin&debug=true,ERROR%3A+unrecognized+parameter%3A+%27debug%27
1374169537,Admin,showadmin&debug=true,ERROR%3A+unrecognized+parameter%3A+%27debug%27
1374169543,Admin,showadmin&debug=true,ERROR%3A+unrecognized+parameter%3A+%27debug%27
1374169549,Admin,showadmin&debug=true,ERROR%3A+unrecognized+parameter%3A+%27debug%27
1374169555,Admin,showadmin&debug=true,ERROR%3A+unrecognized+parameter%3A+%27debug%27
1374169561,Admin,showadmin&debug=true,ERROR%3A+unrecognized+parameter%3A+%27debug%27
1374169567,Admin,showadmin&debug=true,ERROR%3A+unrecognized+parameter%3A+%27debug%27
1374169573,Admin,showadmin&debug=true,ERROR%3A+unrecognized+parameter%3A+%27debug%27
1374169579,Admin,showadmin&debug=true,ERROR%3A+unrecognized+parameter%3A+%27debug%27
1374169585,Admin,showadmin&debug=true,ERROR%3A+unrecognized+parameter%3A+%27debug%27
1374169591,Admin,showadmin&debug=true,ERROR%3A+unrecognized+parameter%3A+%27debug%27
1374169597,Admin,showadmin&debug=true,ERROR%3A+unrecognized+parameter%3A+%27debug%27
1374169603,Admin,showadmin&debug=true,ERROR%3A+unrecognized+parameter%3A+%27debug%27
1374169609,Admin,showadmin&debug=true,ERROR%3A+unrecognized+parameter%3A+%27debug%27
1374169615,Admin,showadmin&debug=true,ERROR%3A+unrecognized+parameter%3A+%27debug%27
1374169621,Admin,showadmin&debug=true,ERROR%3A+unrecognized+parameter%3A+%27debug%27
1374169627,Admin,showadmin&debug=true,ERROR%3A+unrecognized+parameter%3A+%27debug%27
1374169633,Admin,showadmin&debug=true,ERROR%3A+unrecognized+parameter%3A+%27debug%27
1374169639,Admin,showadmin&debug=true,ERROR%3A+unrecognized+parameter%3A+%27debug%27
1374169645,Admin,showadmin&debug=true,ERROR%3A+unrecognized+parameter%3A+%27debug%27
1374169652,Admin,showadmin&debug=true,ERROR%3A+unrecognized+parameter%3A+%27debug%27
1374169658,Admin,showadmin&debug=true,ERROR%3A+unrecognized+parameter%3A+%27debug%27
1374169663,Admin,showadmin&debug=true,ERROR%3A+unrecognized+parameter%3A+%27debug%27
1374169670,Admin,showadmin&debug=true,ERROR%3A+unrecognized+parameter%3A+%27debug%27
1374169675,Admin,showadmin&debug=true,ERROR%3A+unrecognized+parameter%3A+%27debug%27
1374169681,Admin,showadmin&debug=true,ERROR%3A+unrecognized+parameter%3A+%27debug%27
1374169687,Admin,showadmin&debug=true,ERROR%3A+unrecognized+parameter%3A+%27debug%27
1374169693,Admin,showadmin&debug=true,ERROR%3A+unrecognized+parameter%3A+%27debug%27
1374169699,Admin,showadmin&debug=true,ERROR%3A+unrecognized+parameter%3A+%27debug%27
1374169705,Admin,showadmin&debug=true,ERROR%3A+unrecognized+parameter%3A+%27debug%27
1374169711,Admin,showadmin&debug=true,ERROR%3A+unrecognized+parameter%3A+%27debug%27
1374169717,Admin,showadmin&debug=true,ERROR%3A+unrecognized+parameter%3A+%27debug%27
1374169723,Admin,showadmin&debug=true,ERROR%3A+unrecognized+parameter%3A+%27debug%27
1374169729,Admin,showadmin&debug=true,ERROR%3A+unrecognized+parameter%3A+%27debug%27
1374169735,Admin,showadmin&debug=true,ERROR%3A+unrecognized+parameter%3A+%27debug%27
1374169741,Admin,showadmin&debug=true,ERROR%3A+unrecognized+parameter%3A+%27debug%27
1374169747,Admin,showadmin&debug=true,ERROR%3A+unrecognized+parameter%3A+%27debug%27
1374169754,Admin,showadmin&debug=true,ERROR%3A+unrecognized+parameter%3A+%27debug%27
1374169759,Admin,showadmin&debug=true,ERROR%3A+unrecognized+parameter%3A+%27debug%27
1374169765,Admin,showadmin&debug=true,ERROR%3A+unrecognized+parameter%3A+%27debug%27
1374169772,Admin,showadmin&debug=true,ERROR%3A+unrecognized+parameter%3A+%27debug%27
1374169777,Admin,showadmin&debug=true,ERROR%3A+unrecognized+parameter%3A+%27debug%27
1374169784,Admin,showadmin&debug=true,ERROR%3A+unrecognized+parameter%3A+%27debug%27
1374169790,Admin,showadmin&debug=true,ERROR%3A+unrecognized+parameter%3A+%27debug%27
1374169796,Admin,showadmin&debug=true,ERROR%3A+unrecognized+parameter%3A+%27debug%27
1374169802,Admin,showadmin&debug=true,ERROR%3A+unrecognized+parameter%3A+%27debug%27
1374169808,Admin,showadmin&debug=true,ERROR%3A+unrecognized+parameter%3A+%27debug%27
1374169814,Admin,showadmin&debug=true,ERROR%3A+unrecognized+parameter%3A+%27debug%27
1374169820,Admin,showadmin&debug=true,ERROR%3A+unrecognized+parameter%3A+%27debug%27
1374169826,Admin,showadmin&debug=true,ERROR%3A+unrecognized+parameter%3A+%27debug%27
1374169832,Admin,showadmin&debug=true,ERROR%3A+unrecognized+parameter%3A+%27debug%27
