1373664608,Admin,Market=Closed,ERROR%3A+market+is+already+closed.
1373665054,Admin,Market=Closed,ERROR%3A+market+is+already+closed.
1373665369,Admin,Market=Closed,ERROR%3A+market+is+already+closed.
1373665592,Admin,Market=Closed,ERROR%3A+market+is+already+closed.
1373750104,Admin,OrderSerial%5b1%5d=100038-01&OrderFillQuantity%5b1%5d=4,ERROR%3A+orders+cannot+be+placed+or+filled+when+the+market+is+closed.
1373769930,Admin,Market=Initialize,ERROR%3A+market+is+already+closed.
1373769938,Admin,Market=Initialize,ERROR%3A+market+is+already+closed.
1373769959,Admin,showadmin,ERROR%3A+market+is+already+closed.
1373769966,Admin,showadmin,ERROR%3A+market+is+already+closed.
1373769972,Admin,showadmin,ERROR%3A+market+is+already+closed.
1373769978,Admin,showadmin,ERROR%3A+market+is+already+closed.
1373769984,Admin,showadmin,ERROR%3A+market+is+already+closed.
1373769990,Admin,showadmin,ERROR%3A+market+is+already+closed.
1373769996,Admin,showadmin,ERROR%3A+market+is+already+closed.
1373770002,Admin,showadmin,ERROR%3A+market+is+already+closed.
1373770005,Admin,Market=Initialize,ERROR%3A+market+is+already+closed.
1373770008,Admin,showadmin,ERROR%3A+market+is+already+closed.
1373770014,Admin,showadmin,ERROR%3A+market+is+already+closed.
1373770020,Admin,showadmin,ERROR%3A+market+is+already+closed.
1373770026,Admin,showadmin,ERROR%3A+market+is+already+closed.
1373770032,Admin,showadmin,ERROR%3A+market+is+already+closed.
1373770037,Admin,showadmin&market=closed,ERROR%3A+market+is+already+closed.
1373770043,Admin,showadmin&market=closed,ERROR%3A+market+is+already+closed.
1373770050,Admin,showadmin&market=closed,ERROR%3A+market+is+already+closed.
1373770050,Admin,showadmin&market=initialize,ERROR%3A+market+is+already+closed.
1373770056,Admin,showadmin&market=initialize,ERROR%3A+market+is+already+closed.
1373770062,Admin,showadmin&market=initialize,ERROR%3A+market+is+already+closed.
1373770069,Admin,showadmin&market=initialize,ERROR%3A+market+is+already+closed.
1373770075,Admin,showadmin&market=initialize,ERROR%3A+market+is+already+closed.
1373770081,Admin,showadmin&market=initialize,ERROR%3A+market+is+already+closed.
1373770087,Admin,showadmin&market=initialize,ERROR%3A+market+is+already+closed.
1373770093,Admin,showadmin&market=initialize,ERROR%3A+market+is+already+closed.
1373770099,Admin,showadmin&market=initialize,ERROR%3A+market+is+already+closed.
1373770105,Admin,showadmin&market=initialize,ERROR%3A+market+is+already+closed.
1373770111,Admin,showadmin&market=initialize,ERROR%3A+market+is+already+closed.
1373770117,Admin,showadmin&market=initialize,ERROR%3A+market+is+already+closed.
1373770123,Admin,showadmin&market=initialize,ERROR%3A+market+is+already+closed.
1373770128,Admin,showadmin&market=initialize,ERROR%3A+market+is+already+closed.
1373770135,Admin,showadmin&market=initialize,ERROR%3A+market+is+already+closed.
1373770141,Admin,showadmin&market=initialize,ERROR%3A+market+is+already+closed.
1373770147,Admin,showadmin&market=initialize,ERROR%3A+market+is+already+closed.
1373770153,Admin,showadmin&market=initialize,ERROR%3A+market+is+already+closed.
1373770159,Admin,showadmin&market=initialize,ERROR%3A+market+is+already+closed.
1373770165,Admin,showadmin&market=initialize,ERROR%3A+market+is+already+closed.
1373770171,Admin,showadmin&market=initialize,ERROR%3A+market+is+already+closed.
1373770177,Admin,showadmin&market=initialize,ERROR%3A+market+is+already+closed.
1373770183,Admin,showadmin&market=initialize,ERROR%3A+market+is+already+closed.
1373770189,Admin,showadmin&market=initialize,ERROR%3A+market+is+already+closed.
1373770195,Admin,showadmin&market=initialize,ERROR%3A+market+is+already+closed.
1373770201,Admin,showadmin&market=initialize,ERROR%3A+market+is+already+closed.
1373770207,Admin,showadmin&market=initialize,ERROR%3A+market+is+already+closed.
1373770213,Admin,showadmin&market=initialize,ERROR%3A+market+is+already+closed.
1373770219,Admin,showadmin&market=initialize,ERROR%3A+market+is+already+closed.
1373770225,Admin,showadmin&market=initialize,ERROR%3A+market+is+already+closed.
1373770231,Admin,showadmin&market=initialize,ERROR%3A+market+is+already+closed.
1373770237,Admin,showadmin&market=initialize,ERROR%3A+market+is+already+closed.
1373770243,Admin,showadmin&market=initialize,ERROR%3A+market+is+already+closed.
1373770249,Admin,showadmin&market=initialize,ERROR%3A+market+is+already+closed.
1373770255,Admin,showadmin&market=initialize,ERROR%3A+market+is+already+closed.
1373770261,Admin,showadmin&market=initialize,ERROR%3A+market+is+already+closed.
1373770267,Admin,showadmin&market=initialize,ERROR%3A+market+is+already+closed.
1373770273,Admin,showadmin&market=initialize,ERROR%3A+market+is+already+closed.
1373770327,Admin,showadmin,ERROR%3A+market+is+already+closed.
1373770334,Admin,showadmin,ERROR%3A+market+is+already+closed.
1373770340,Admin,showadmin,ERROR%3A+market+is+already+closed.
1373770346,Admin,showadmin,ERROR%3A+market+is+already+closed.
1373770351,Admin,market=initialize,ERROR%3A+market+is+already+closed.
1373770362,Admin,market=initialize&showadmin,ERROR%3A+market+is+already+closed.
1373770369,Admin,market=initialize&showadmin,ERROR%3A+market+is+already+closed.
1373770375,Admin,market=initialize&showadmin,ERROR%3A+market+is+already+closed.
1373770381,Admin,market=initialize&showadmin,ERROR%3A+market+is+already+closed.
1373770387,Admin,market=initialize&showadmin,ERROR%3A+market+is+already+closed.
1373770389,Admin,showadmin,ERROR%3A+market+is+already+closed.
1373800572,Admin,showadmin,ERROR%3A+market+is+already+closed.
1373800579,Admin,showadmin,ERROR%3A+market+is+already+closed.
1373800585,Admin,showadmin,ERROR%3A+market+is+already+closed.
1373800591,Admin,showadmin,ERROR%3A+market+is+already+closed.
1373800597,Admin,showadmin,ERROR%3A+market+is+already+closed.
1373800602,Admin,showadmin&market=initialize,ERROR%3A+market+is+already+closed.
1373800608,Admin,showadmin&market=initialize,ERROR%3A+market+is+already+closed.
1373800614,Admin,showadmin&market=initialize,ERROR%3A+market+is+already+closed.
1373800620,Admin,showadmin&market=initialize,ERROR%3A+market+is+already+closed.
1373800648,Admin,Market=Initialize,ERROR%3A+market+is+already+closed.
1373800664,Admin,showadmin,ERROR%3A+market+is+already+closed.
1373800670,Admin,showadmin,ERROR%3A+market+is+already+closed.
1373800676,Admin,showadmin,ERROR%3A+market+is+already+closed.
1373800683,Admin,showadmin,ERROR%3A+market+is+already+closed.
1373800688,Admin,showadmin,ERROR%3A+market+is+already+closed.
1373800692,Admin,market=initialize&team[1]=GC,ERROR%3A+market+is+already+closed.
1373800723,Admin,showadmin,ERROR%3A+market+is+already+closed.
1373817876,Admin,Market=Initialize,ERROR%3A+close+existing+market+before+initializing.
1373821067,Admin,Market=Initialize,ERROR%3A+close+existing+market+before+initializing.
1373821085,Admin,market=close,ERROR%3A+unrecognized+value+for+%27market%27.
1373825040,Admin,Market=Initialize,ERROR%3A+close+existing+market+before+initializing.
1373825350,Admin,OrderSerial%5b12%5d&OrderFillQuantity%5b12%5d=9,ERROR%3A+orders+cannot+be+placed+or+filled+when+the+market+is+closed.
1373980137,Admin,Market=Initialize,ERROR%3A+close+existing+market+before+initializing.
1373980190,Admin,Market=Initialize,ERROR%3A+close+existing+market+before+initializing.
