1372790096,Admin,Market=Initialize
1372790196,Admin,Team[1]=abc&Team[2]=def
1372790197,Admin,Team[3]=All4One
1372790198,Admin,Team[4]=Triplee
1372790199,Admin,Team[5]=G47&Team[6]=Q10&Team[7]=frrbalzz
1372790246,Admin,Security[1]=1Bull
1372790247,Admin,Security[3]=2Bull
1372790248,Admin,Security[5]=3Bull
1372790249,Admin,Security[2]=1Bear
1372790250,Admin,Security[4]=2Bear
1372790251,Admin,Security[6]=3Bear
1372790290,Admin,Market=Open&duration=4000
1372790291,Team,team=1&security=2&text=offer+3+at+6.25
1372790292,Team,team=1&security=4&text=bid+5.58+for+5.5
1372790293,Team,team=3&security=3&text=bid+5.25+for+7
1372790294,Admin,orderserial[1]=1&orderstatus[1]=Working
1372790295,Admin,orderserial[2]=2&orderstatus[2]=Error&ordererrortext[2]=Quantity+must+be+an+integer
1372790295,Admin,orderserial[3]=3&orderstatus[3]=Working
1372790296,Team,team=4&security=3&text=sell+5
1372790297,Team,team=2&security=2&text=bid+6.37+for+8
1372790298,Team,team=1&text=cancel+order+1
1372791290,Admin,orderserial[4]=4&orderstatus[4]=Working
1372791291,Admin,orderserial[5]=5&orderstatus[5]=Working
1372791292,Admin,orderserial[6]=6&orderstatus[6]=Working
1372791293,Admin,orderfillquantity[4]=-5&orderfillprice[4]=5.25&orderstatus[4]=Ended
1372791294,Admin,orderfillquantity[3]=5&orderfillprice[3]=5.25
1372791295,Admin,orderfillquantity[5]=3&orderfillprice[5]=6.31
1372791296,Admin,orderfillquantity[1]=-3&orderfillprice[1]=6.31&orderstatus[1]=Ended
1372791297,Admin,orderstatus[6]=Error&ordererrortext[6]=Order+1+is+not+working
1373773433,Admin,kill=1
1373776956,Team,team=1&security=5&text=testing%2C+this
