1373973976,Admin,Market=Initialize
1373973977,Admin,Team%5b1%5d=GC&Team%5b2%5d=GC&Team%5b3%5d=GC&Team%5b4%5d=GC&Team%5b5%5d=GC&Team%5b6%5d=GC&Team%5b7%5d=GC&Team%5b8%5d=GC&Team%5b9%5d=GC&Team%5b10%5d=GC&Team%5b11%5d=GC&Team%5b12%5d=GC
1373973977,Admin,Security%5b1%5d=1Bull&Security%5b2%5d=1Bear&Security%5b3%5d=2Bull&Security%5b4%5d=2Bear&Security%5b5%5d=3Bull&Security%5b6%5d=3Bear&Security%5b7%5d=4Bull&Security%5b8%5d=4Bear&Security%5b9%5d=5Bull&Security%5b10%5d=5Bear
1373973983,Admin,Market=Open&Duration=900
1373974070,Team,team=1&security=1&text=bid+5.12+for+8
1373974071,Admin,OrderSerial%5b1%5d=1&OrderStatus%5b1%5d=Working
1373974089,Team,team=1&security=1&text=offer+10+at+7.50
1373974090,Admin,OrderSerial%5b2%5d=2&OrderStatus%5b2%5d=Working
1373974115,Team,team=1&text=cancel+order+1
1373974116,Admin,OrderSerial%5b3%5d=3&OrderStatus%5b3%5d=Working
1373974116,Admin,OrderSerial%5b3%5d=3&OrderStatus%5b3%5d=Ended
1373974117,Admin,OrderSerial%5b1%5d=1&OrderStatus%5b1%5d=Ended
1373974148,Admin,kill=1
1373975676,Admin,Market=Initialize
1373975677,Admin,Team%5b1%5d=GC&Team%5b2%5d=GC&Team%5b3%5d=GC&Team%5b4%5d=GC&Team%5b5%5d=GC&Team%5b6%5d=GC&Team%5b7%5d=GC&Team%5b8%5d=GC&Team%5b9%5d=GC&Team%5b10%5d=GC&Team%5b11%5d=GC&Team%5b12%5d=GC&Team%5b13%5d=GC&Team%5b14%5d=GC&Team%5b15%5d=GC
1373975678,Admin,Security%5b1%5d=1Bull&Security%5b2%5d=1Bear&Security%5b3%5d=2Bull&Security%5b4%5d=2Bear&Security%5b5%5d=3Bull&Security%5b6%5d=3Bear
1373975716,Admin,Market=Open&Duration=900
1373976369,Admin,kill=1
1373977832,Admin,Market=Initialize
1373977833,Admin,Team%5b1%5d=GCS&Team%5b2%5d=GCS&Team%5b3%5d=GCS&Team%5b4%5d=GCS&Team%5b5%5d=GCS&Team%5b6%5d=GCS&Team%5b7%5d=GCS&Team%5b8%5d=GCS&Team%5b9%5d=GCS&Team%5b10%5d=GCS&Team%5b11%5d=GCS&Team%5b12%5d=GCS&Team%5b13%5d=GCS&Team%5b14%5d=GCS&Team%5b15%5d=GCS
1373977834,Admin,Security%5b1%5d=1Bull&Security%5b2%5d=1Bear&Security%5b3%5d=2Bull&Security%5b4%5d=2Bear&Security%5b5%5d=3Bull&Security%5b6%5d=3Bear
1373977837,Admin,Market=Open&Duration=60
1373977899,Admin,Market=Closed
1373978419,Admin,Market=Initialize
1373978419,Admin,Team%5b1%5d=GCS&Team%5b2%5d=GCS&Team%5b3%5d=GCS&Team%5b4%5d=GCS&Team%5b5%5d=GCS&Team%5b6%5d=GCS&Team%5b7%5d=GCS&Team%5b8%5d=GCS&Team%5b9%5d=GCS&Team%5b10%5d=GCS&Team%5b11%5d=GCS&Team%5b12%5d=GCS&Team%5b13%5d=GCS&Team%5b14%5d=GCS&Team%5b15%5d=GCS
1373978420,Admin,Security%5b1%5d=1Bull&Security%5b2%5d=1Bear&Security%5b3%5d=2Bull&Security%5b4%5d=2Bear&Security%5b5%5d=3Bull&Security%5b6%5d=3Bear
1373978424,Admin,Market=Open&Duration=60
1373978486,Admin,Market=Closed
1373978501,Admin,Market=Open&Duration=12
1373978515,Admin,Market=Closed
1373978520,Admin,Market=Open&Duration=12
1373978534,Admin,Market=Closed
1373978989,Admin,Market=Initialize
1373978989,Admin,Team%5b1%5d=GCS&Team%5b2%5d=GCS&Team%5b3%5d=GCS&Team%5b4%5d=GCS&Team%5b5%5d=GCS&Team%5b6%5d=GCS&Team%5b7%5d=GCS&Team%5b8%5d=GCS&Team%5b9%5d=GCS&Team%5b10%5d=GCS&Team%5b11%5d=GCS&Team%5b12%5d=GCS&Team%5b13%5d=GCS&Team%5b14%5d=GCS&Team%5b15%5d=GCS
1373978990,Admin,Security%5b1%5d=1Bull&Security%5b2%5d=1Bear&Security%5b3%5d=2Bull&Security%5b4%5d=2Bear&Security%5b5%5d=3Bull&Security%5b6%5d=3Bear
1373978993,Admin,Market=Open&Duration=12
1373979007,Admin,Market=Closed
1373979011,Admin,Market=Open&Duration=12
1373979027,Admin,Market=Closed
1373979078,Admin,Market=Initialize
1373979078,Admin,Team%5b1%5d=GCS&Team%5b2%5d=GCS&Team%5b3%5d=GCS&Team%5b4%5d=GCS&Team%5b5%5d=GCS&Team%5b6%5d=GCS&Team%5b7%5d=GCS&Team%5b8%5d=GCS&Team%5b9%5d=GCS&Team%5b10%5d=GCS&Team%5b11%5d=GCS&Team%5b12%5d=GCS&Team%5b13%5d=GCS&Team%5b14%5d=GCS&Team%5b15%5d=GCS
1373979079,Admin,Security%5b1%5d=1Bull&Security%5b2%5d=1Bear&Security%5b3%5d=2Bull&Security%5b4%5d=2Bear&Security%5b5%5d=3Bull&Security%5b6%5d=3Bear
1373979082,Admin,Market=Open&Duration=12
1373979096,Admin,Market=Closed
1373979099,Admin,Market=Open&Duration=12
1373979115,Admin,Market=Closed
1373979116,Admin,Market=Initialize
1373979116,Admin,Team%5b1%5d=GCS&Team%5b2%5d=GCS&Team%5b3%5d=GCS&Team%5b4%5d=GCS&Team%5b5%5d=GCS&Team%5b6%5d=GCS&Team%5b7%5d=GCS&Team%5b8%5d=GCS&Team%5b9%5d=GCS&Team%5b10%5d=GCS&Team%5b11%5d=GCS&Team%5b12%5d=GCS&Team%5b13%5d=GCS&Team%5b14%5d=GCS&Team%5b15%5d=GCS
1373979117,Admin,Security%5b1%5d=1Bull&Security%5b2%5d=1Bear&Security%5b3%5d=2Bull&Security%5b4%5d=2Bear&Security%5b5%5d=3Bull&Security%5b6%5d=3Bear
1373979120,Admin,Market=Open&Duration=12
1373979134,Admin,Market=Closed
1373979136,Admin,Market=Initialize
1373979137,Admin,Team%5b1%5d=GCS&Team%5b2%5d=GCS&Team%5b3%5d=GCS&Team%5b4%5d=GCS&Team%5b5%5d=GCS&Team%5b6%5d=GCS&Team%5b7%5d=GCS&Team%5b8%5d=GCS&Team%5b9%5d=GCS&Team%5b10%5d=GCS&Team%5b11%5d=GCS&Team%5b12%5d=GCS&Team%5b13%5d=GCS&Team%5b14%5d=GCS&Team%5b15%5d=GCS
1373979137,Admin,Security%5b1%5d=1Bull&Security%5b2%5d=1Bear&Security%5b3%5d=2Bull&Security%5b4%5d=2Bear&Security%5b5%5d=3Bull&Security%5b6%5d=3Bear
1373979139,Admin,Market=Open&Duration=12
1373979153,Admin,Market=Closed
1373979155,Admin,Market=Open&Duration=12
1373979167,Admin,Market=Closed
1373979172,Admin,Market=Initialize
1373979173,Admin,Team%5b1%5d=GCS&Team%5b2%5d=GCS&Team%5b3%5d=GCS&Team%5b4%5d=GCS&Team%5b5%5d=GCS&Team%5b6%5d=GCS&Team%5b7%5d=GCS&Team%5b8%5d=GCS&Team%5b9%5d=GCS&Team%5b10%5d=GCS&Team%5b11%5d=GCS&Team%5b12%5d=GCS&Team%5b13%5d=GCS&Team%5b14%5d=GCS&Team%5b15%5d=GCS
1373979173,Admin,Security%5b1%5d=1Bull&Security%5b2%5d=1Bear&Security%5b3%5d=2Bull&Security%5b4%5d=2Bear&Security%5b5%5d=3Bull&Security%5b6%5d=3Bear
1373979176,Admin,Market=Open&Duration=12
1373979191,Admin,Market=Closed
1373979193,Admin,Market=Open&Duration=12
1373979207,Admin,Market=Closed
1373979210,Admin,Market=Open&Duration=12
1373979222,Admin,Market=Closed
1373979230,Admin,Market=Initialize
1373979230,Admin,Team%5b1%5d=GCS&Team%5b2%5d=GCS&Team%5b3%5d=GCS&Team%5b4%5d=GCS&Team%5b5%5d=GCS&Team%5b6%5d=GCS&Team%5b7%5d=GCS&Team%5b8%5d=GCS&Team%5b9%5d=GCS&Team%5b10%5d=GCS&Team%5b11%5d=GCS&Team%5b12%5d=GCS&Team%5b13%5d=GCS&Team%5b14%5d=GCS&Team%5b15%5d=GCS
1373979231,Admin,Security%5b1%5d=1Bull&Security%5b2%5d=1Bear&Security%5b3%5d=2Bull&Security%5b4%5d=2Bear&Security%5b5%5d=3Bull&Security%5b6%5d=3Bear
1373979232,Admin,Market=Open&Duration=12
1373979247,Admin,Market=Closed
1373979279,Admin,Market=Initialize
1373979279,Admin,Team%5b1%5d=GCS&Team%5b2%5d=GCS&Team%5b3%5d=GCS&Team%5b4%5d=GCS&Team%5b5%5d=GCS&Team%5b6%5d=GCS&Team%5b7%5d=GCS&Team%5b8%5d=GCS&Team%5b9%5d=GCS&Team%5b10%5d=GCS&Team%5b11%5d=GCS&Team%5b12%5d=GCS&Team%5b13%5d=GCS&Team%5b14%5d=GCS&Team%5b15%5d=GCS
1373979280,Admin,Security%5b1%5d=1Bull&Security%5b2%5d=1Bear&Security%5b3%5d=2Bull&Security%5b4%5d=2Bear&Security%5b5%5d=3Bull&Security%5b6%5d=3Bear
1373979281,Admin,Market=Open&Duration=12
1373979295,Admin,Market=Closed
1373979462,Team,team=13&security=1&text=Bid+5.12+for+6
1373979482,Admin,Market=Initialize
1373979483,Admin,Team%5b1%5d=GCS&Team%5b2%5d=GCS&Team%5b3%5d=GCS&Team%5b4%5d=GCS&Team%5b5%5d=GCS&Team%5b6%5d=GCS&Team%5b7%5d=GCS&Team%5b8%5d=GCS&Team%5b9%5d=GCS&Team%5b10%5d=GCS&Team%5b11%5d=GCS&Team%5b12%5d=GCS&Team%5b13%5d=GCS&Team%5b14%5d=GCS&Team%5b15%5d=GCS
1373979483,Admin,Security%5b1%5d=1Bull&Security%5b2%5d=1Bear&Security%5b3%5d=2Bull&Security%5b4%5d=2Bear&Security%5b5%5d=3Bull&Security%5b6%5d=3Bear
1373979485,Admin,Market=Open&Duration=12
1373979498,Admin,Market=Closed
1373979909,Admin,Market=Initialize
1373979910,Admin,Team%5b1%5d=GCS&Team%5b2%5d=GCS&Team%5b3%5d=GCS&Team%5b4%5d=GCS&Team%5b5%5d=GCS&Team%5b6%5d=GCS&Team%5b7%5d=GCS&Team%5b8%5d=GCS&Team%5b9%5d=GCS&Team%5b10%5d=GCS&Team%5b11%5d=GCS&Team%5b12%5d=GCS&Team%5b13%5d=GCS&Team%5b14%5d=GCS&Team%5b15%5d=GCS
1373979910,Admin,Security%5b1%5d=1Bull&Security%5b2%5d=1Bear&Security%5b3%5d=2Bull&Security%5b4%5d=2Bear&Security%5b5%5d=3Bull&Security%5b6%5d=3Bear
1373979913,Admin,Market=Open&Duration=12
1373979927,Admin,Market=Closed
1373979964,Admin,Market=Initialize
1373979965,Admin,Team%5b1%5d=GCS&Team%5b2%5d=GCS&Team%5b3%5d=GCS&Team%5b4%5d=GCS&Team%5b5%5d=GCS&Team%5b6%5d=GCS&Team%5b7%5d=GCS&Team%5b8%5d=GCS&Team%5b9%5d=GCS&Team%5b10%5d=GCS&Team%5b11%5d=GCS&Team%5b12%5d=GCS&Team%5b13%5d=GCS&Team%5b14%5d=GCS&Team%5b15%5d=GCS
1373979965,Admin,Security%5b1%5d=1Bull&Security%5b2%5d=1Bear&Security%5b3%5d=2Bull&Security%5b4%5d=2Bear&Security%5b5%5d=3Bull&Security%5b6%5d=3Bear
1373979968,Admin,Market=Open&Duration=12
1373980261,Admin,kill=1
1373980269,Admin,Market=Initialize
1373980269,Admin,Team%5b1%5d=GCS&Team%5b2%5d=GCS&Team%5b3%5d=GCS&Team%5b4%5d=GCS&Team%5b5%5d=GCS&Team%5b6%5d=GCS&Team%5b7%5d=GCS&Team%5b8%5d=GCS&Team%5b9%5d=GCS&Team%5b10%5d=GCS&Team%5b11%5d=GCS&Team%5b12%5d=GCS&Team%5b13%5d=GCS&Team%5b14%5d=GCS&Team%5b15%5d=GCS
1373980270,Admin,Security%5b1%5d=1Bull&Security%5b2%5d=1Bear&Security%5b3%5d=2Bull&Security%5b4%5d=2Bear&Security%5b5%5d=3Bull&Security%5b6%5d=3Bear
1373980272,Admin,Market=Open&Duration=12
1373980286,Admin,Market=Closed
1373980404,Admin,Market=Initialize
1373980405,Admin,Team%5b1%5d=GCS&Team%5b2%5d=GCS&Team%5b3%5d=GCS&Team%5b4%5d=GCS&Team%5b5%5d=GCS&Team%5b6%5d=GCS&Team%5b7%5d=GCS&Team%5b8%5d=GCS&Team%5b9%5d=GCS&Team%5b10%5d=GCS&Team%5b11%5d=GCS&Team%5b12%5d=GCS&Team%5b13%5d=GCS&Team%5b14%5d=GCS&Team%5b15%5d=GCS
1373980406,Admin,Security%5b1%5d=1Bull&Security%5b2%5d=1Bear&Security%5b3%5d=2Bull&Security%5b4%5d=2Bear&Security%5b5%5d=3Bull&Security%5b6%5d=3Bear
1373980408,Admin,Market=Open&Duration=12
1373980422,Admin,Market=Closed
1373980438,Admin,Market=Initialize
1373980439,Admin,Team%5b1%5d=GCS&Team%5b2%5d=GCS&Team%5b3%5d=GCS&Team%5b4%5d=GCS&Team%5b5%5d=GCS&Team%5b6%5d=GCS&Team%5b7%5d=GCS&Team%5b8%5d=GCS&Team%5b9%5d=GCS&Team%5b10%5d=GCS&Team%5b11%5d=GCS&Team%5b12%5d=GCS&Team%5b13%5d=GCS&Team%5b14%5d=GCS&Team%5b15%5d=GCS
1373980441,Admin,Security%5b1%5d=1Bull&Security%5b2%5d=1Bear&Security%5b3%5d=2Bull&Security%5b4%5d=2Bear&Security%5b5%5d=3Bull&Security%5b6%5d=3Bear
1373980442,Admin,Market=Open&Duration=12
1373980489,Admin,Market=Closed
1373980505,Admin,Market=Initialize
1373980693,Admin,Market=Initialize
1373980700,Admin,Team%5b1%5d=GCS&Team%5b2%5d=GCS&Team%5b3%5d=GCS&Team%5b4%5d=GCS&Team%5b5%5d=GCS&Team%5b6%5d=GCS&Team%5b7%5d=GCS&Team%5b8%5d=GCS&Team%5b9%5d=GCS&Team%5b10%5d=GCS&Team%5b11%5d=GCS&Team%5b12%5d=GCS&Team%5b13%5d=GCS&Team%5b14%5d=GCS&Team%5b15%5d=GCS
1373980701,Admin,Security%5b1%5d=1Bull&Security%5b2%5d=1Bear&Security%5b3%5d=2Bull&Security%5b4%5d=2Bear&Security%5b5%5d=3Bull&Security%5b6%5d=3Bear
1373980712,Admin,Market=Open&Duration=12
1373980735,Admin,Market=Closed
1373980742,Admin,Market=Initialize
1373980765,Admin,Team%5b1%5d=GCS&Team%5b2%5d=GCS&Team%5b3%5d=GCS&Team%5b4%5d=GCS&Team%5b5%5d=GCS&Team%5b6%5d=GCS&Team%5b7%5d=GCS&Team%5b8%5d=GCS&Team%5b9%5d=GCS&Team%5b10%5d=GCS&Team%5b11%5d=GCS&Team%5b12%5d=GCS&Team%5b13%5d=GCS&Team%5b14%5d=GCS&Team%5b15%5d=GCS
1373980766,Admin,Security%5b1%5d=1Bull&Security%5b2%5d=1Bear&Security%5b3%5d=2Bull&Security%5b4%5d=2Bear&Security%5b5%5d=3Bull&Security%5b6%5d=3Bear
1373980772,Admin,Market=Initialize
1373980814,Admin,Market=Initialize
1373980820,Admin,Team%5b1%5d=GCS&Team%5b2%5d=GCS&Team%5b3%5d=GCS&Team%5b4%5d=GCS&Team%5b5%5d=GCS&Team%5b6%5d=GCS&Team%5b7%5d=GCS&Team%5b8%5d=GCS&Team%5b9%5d=GCS&Team%5b10%5d=GCS&Team%5b11%5d=GCS&Team%5b12%5d=GCS&Team%5b13%5d=GCS&Team%5b14%5d=GCS&Team%5b15%5d=GCS
1373980823,Admin,Security%5b1%5d=1Bull&Security%5b2%5d=1Bear&Security%5b3%5d=2Bull&Security%5b4%5d=2Bear&Security%5b5%5d=3Bull&Security%5b6%5d=3Bear
1373980834,Admin,Market=Open&Duration=12
1373980849,Admin,Market=Closed
1373980874,Admin,Market=Initialize
1373980918,Admin,Market=Initialize
1373980927,Admin,Team%5b1%5d=GCS&Team%5b2%5d=GCS&Team%5b3%5d=GCS&Team%5b4%5d=GCS&Team%5b5%5d=GCS&Team%5b6%5d=GCS&Team%5b7%5d=GCS&Team%5b8%5d=GCS&Team%5b9%5d=GCS&Team%5b10%5d=GCS&Team%5b11%5d=GCS&Team%5b12%5d=GCS&Team%5b13%5d=GCS&Team%5b14%5d=GCS&Team%5b15%5d=GCS
1373980928,Admin,Security%5b1%5d=1Bull&Security%5b2%5d=1Bear&Security%5b3%5d=2Bull&Security%5b4%5d=2Bear&Security%5b5%5d=3Bull&Security%5b6%5d=3Bear
1373980942,Admin,Market=Open&Duration=12
1373980957,Admin,Market=Closed
1373980969,Admin,Market=Open&Duration=12
1373980984,Admin,Market=Closed
1373980988,Admin,Market=Open&Duration=12
1373981003,Admin,Market=Closed
1373984566,Admin,Market=Initialize
1373984574,Admin,Team%5b1%5d=GCS&Team%5b2%5d=GCS&Team%5b3%5d=GCS&Team%5b4%5d=GCS&Team%5b5%5d=GCS&Team%5b6%5d=GCS&Team%5b7%5d=GCS&Team%5b8%5d=GCS&Team%5b9%5d=GCS&Team%5b10%5d=GCS&Team%5b11%5d=GCS&Team%5b12%5d=GCS&Team%5b13%5d=GCS&Team%5b14%5d=GCS&Team%5b15%5d=GCS
1373984577,Admin,Security%5b1%5d=1Bull&Security%5b2%5d=1Bear&Security%5b3%5d=2Bull&Security%5b4%5d=2Bear&Security%5b5%5d=3Bull&Security%5b6%5d=3Bear
1373984587,Admin,Market=Initialize
1373984588,Admin,Team%5b1%5d=GCS&Team%5b2%5d=GCS&Team%5b3%5d=GCS&Team%5b4%5d=GCS&Team%5b5%5d=GCS&Team%5b6%5d=GCS&Team%5b7%5d=GCS&Team%5b8%5d=GCS&Team%5b9%5d=GCS&Team%5b10%5d=GCS&Team%5b11%5d=GCS&Team%5b12%5d=GCS&Team%5b13%5d=GCS&Team%5b14%5d=GCS&Team%5b15%5d=GCS
1373984589,Admin,Security%5b1%5d=1Bull&Security%5b2%5d=1Bear&Security%5b3%5d=2Bull&Security%5b4%5d=2Bear&Security%5b5%5d=3Bull&Security%5b6%5d=3Bear
1373984593,Admin,Market=Open&Duration=12
1373984607,Admin,Market=Closed
1373984661,Admin,Market=Initialize
1373984665,Admin,Team%5b1%5d=GCS&Team%5b2%5d=GCS&Team%5b3%5d=GCS&Team%5b4%5d=GCS&Team%5b5%5d=GCS&Team%5b6%5d=GCS&Team%5b7%5d=GCS&Team%5b8%5d=GCS&Team%5b9%5d=GCS&Team%5b10%5d=GCS&Team%5b11%5d=GCS&Team%5b12%5d=GCS&Team%5b13%5d=GCS&Team%5b14%5d=GCS&Team%5b15%5d=GCS
1373984668,Admin,Security%5b1%5d=1Bull&Security%5b2%5d=1Bear&Security%5b3%5d=2Bull&Security%5b4%5d=2Bear&Security%5b5%5d=3Bull&Security%5b6%5d=3Bear
1373984675,Admin,Market=Open&Duration=24
1373984700,Admin,Market=Closed
1373995888,Admin,Market=Initialize
1373995889,Admin,Team%5b1%5d=GCS&Team%5b2%5d=GCS&Team%5b3%5d=GCS&Team%5b4%5d=GCS&Team%5b5%5d=GCS&Team%5b6%5d=GCS&Team%5b7%5d=GCS&Team%5b8%5d=GCS&Team%5b9%5d=GCS&Team%5b10%5d=GCS&Team%5b11%5d=GCS&Team%5b12%5d=GCS&Team%5b13%5d=GCS&Team%5b14%5d=GCS&Team%5b15%5d=GCS
1373995890,Admin,Security%5b1%5d=1Bull&Security%5b2%5d=1Bear&Security%5b3%5d=2Bull&Security%5b4%5d=2Bear&Security%5b5%5d=3Bull&Security%5b6%5d=3Bear
1373995895,Admin,Market=Open&Duration=24
1373995919,Admin,Market=Closed
1373995926,Admin,Market=Initialize
1373995927,Admin,Team%5b1%5d=GCS&Team%5b2%5d=GCS&Team%5b3%5d=GCS&Team%5b4%5d=GCS&Team%5b5%5d=GCS&Team%5b6%5d=GCS&Team%5b7%5d=GCS&Team%5b8%5d=GCS&Team%5b9%5d=GCS&Team%5b10%5d=GCS&Team%5b11%5d=GCS&Team%5b12%5d=GCS&Team%5b13%5d=GCS&Team%5b14%5d=GCS&Team%5b15%5d=GCS
1373995928,Admin,Security%5b1%5d=1Bull&Security%5b2%5d=1Bear&Security%5b3%5d=2Bull&Security%5b4%5d=2Bear&Security%5b5%5d=3Bull&Security%5b6%5d=3Bear
1373996019,Admin,Market=Open&Duration=300
1373996065,Team,team=1&security=1&text=bid+5.12+for+10
1373996068,Admin,OrderSerial%5b1%5d=1&OrderStatus%5b1%5d=Working
1373996118,Team,team=2&security=1&text=sell+4
1373996120,Admin,OrderSerial%5b2%5d=2&OrderStatus%5b2%5d=Working
1373996121,Admin,OrderSerial%5b1%5d=1&OrderFillQuantity%5b1%5d=4
1373996121,Admin,OrderSerial%5b2%5d=2&OrderFillQuantity%5b2%5d=-4
1373996122,Admin,OrderSerial%5b2%5d=2&OrderStatus%5b2%5d=Ended
1373996138,Team,team=1&text=cancel+order+1
1373996141,Admin,OrderSerial%5b3%5d=3&OrderStatus%5b3%5d=Working
1373996142,Admin,OrderSerial%5b3%5d=3&OrderStatus%5b3%5d=Ended
1373996143,Admin,OrderSerial%5b1%5d=1&OrderStatus%5b1%5d=Ended
1373996321,Admin,Market=Closed
1374001318,Admin,Market=Initialize
1374001319,Admin,Team%5b1%5d=GCS&Team%5b2%5d=GCS&Team%5b3%5d=GCS&Team%5b4%5d=GCS&Team%5b5%5d=GCS&Team%5b6%5d=GCS&Team%5b7%5d=GCS&Team%5b8%5d=GCS&Team%5b9%5d=GCS&Team%5b10%5d=GCS&Team%5b11%5d=GCS&Team%5b12%5d=GCS&Team%5b13%5d=GCS&Team%5b14%5d=GCS&Team%5b15%5d=GCS
1374001320,Admin,Security%5b1%5d=1Bull&Security%5b2%5d=1Bear&Security%5b3%5d=2Bull&Security%5b4%5d=2Bear&Security%5b5%5d=3Bull&Security%5b6%5d=3Bear
1374001334,Admin,Market=Open&Duration=30
1374001365,Admin,Market=Closed
1374001376,Admin,Market=Initialize
1374001378,Admin,Team%5b1%5d=GCS&Team%5b2%5d=GCS&Team%5b3%5d=GCS&Team%5b4%5d=GCS&Team%5b5%5d=GCS&Team%5b6%5d=GCS&Team%5b7%5d=GCS&Team%5b8%5d=GCS&Team%5b9%5d=GCS&Team%5b10%5d=GCS&Team%5b11%5d=GCS&Team%5b12%5d=GCS&Team%5b13%5d=GCS&Team%5b14%5d=GCS&Team%5b15%5d=GCS
1374001379,Admin,Security%5b1%5d=1Bull&Security%5b2%5d=1Bear&Security%5b3%5d=2Bull&Security%5b4%5d=2Bear&Security%5b5%5d=3Bull&Security%5b6%5d=3Bear
1374001473,Admin,Market=Open&Duration=900
1374001585,Team,team=7&security=1&text=Bid+6.10+for+8
1374001588,Admin,OrderSerial%5b1%5d=1&OrderStatus%5b1%5d=Working
1374001591,Team,team=1&security=4&text=bid+6.6+for+9
1374001594,Admin,OrderSerial%5b2%5d=2&OrderStatus%5b2%5d=Working
1374001615,Team,team=2&security=2&text=offer+7.23+for+11
1374001617,Team,team=2&security=2&text=offer+7.23+for+11
1374001618,Admin,OrderSerial%5b3%5d=3&OrderStatus%5b3%5d=Error&OrderErrorText%5b3%5d=Invalid%2520offer%2520quantity.
1374001621,Admin,OrderSerial%5b4%5d=4&OrderStatus%5b4%5d=Error&OrderErrorText%5b4%5d=Invalid%2520offer%2520quantity.
1374001645,Team,team=2&security=2&text=offer+11+at+7.23
1374001647,Team,team=2&security=2&text=offer+11+at+7.23
1374001648,Admin,OrderSerial%5b5%5d=5&OrderStatus%5b5%5d=Working
1374001651,Team,team=4&security=1&text=offer+6.10+for+2
1374001651,Admin,OrderSerial%5b6%5d=6&OrderStatus%5b6%5d=Working
1374001654,Admin,OrderSerial%5b7%5d=7&OrderStatus%5b7%5d=Error&OrderErrorText%5b7%5d=Invalid%2520offer%2520quantity.
1374001654,Team,team=8&security=1&text=3
1374001657,Admin,OrderSerial%5b8%5d=8&OrderStatus%5b8%5d=Error&OrderErrorText%5b8%5d=Invalid%2520term%2520used%2520in%2520order:%25203
1374001671,Team,team=3&security=1&text=buy
1374001675,Admin,OrderSerial%5b9%5d=9&OrderStatus%5b9%5d=Error&OrderErrorText%5b9%5d=Not%2520enough%2520information%2520for%2520buy.
1374001676,Team,team=10&security=1&text=Cedar
1374001678,Admin,OrderSerial%5b10%5d=10&OrderStatus%5b10%5d=Error&OrderErrorText%5b10%5d=Invalid%2520term%2520used%2520in%2520order:%2520Cedar
1374001686,Team,team=11&security=1&text=bid+5+for+2
1374001686,Team,team=1&security=1&text=bid+25+for+100
1374001686,Team,team=12&security=6&text=5.12+for+8
1374001688,Admin,OrderSerial%5b11%5d=11&OrderStatus%5b11%5d=Working
1374001688,Team,team=12&security=6&text=5.12+for+8
1374001688,Team,team=1&security=1&text=bid+25+for+100
1374001691,Admin,OrderSerial%5b12%5d=12&OrderStatus%5b12%5d=Working
1374001693,Admin,OrderSerial%5b13%5d=13&OrderStatus%5b13%5d=Error&OrderErrorText%5b13%5d=Invalid%2520term%2520used%2520in%2520order:%25205.12
1374001694,Admin,OrderSerial%5b14%5d=14&OrderStatus%5b14%5d=Error&OrderErrorText%5b14%5d=Invalid%2520term%2520used%2520in%2520order:%25205.12
1374001696,Team,team=15&security=2&text=Bid+5+for+1
1374001697,Admin,OrderSerial%5b15%5d=15&OrderStatus%5b15%5d=Working
1374001699,Admin,OrderSerial%5b16%5d=16&OrderStatus%5b16%5d=Working
1374001701,Team,team=4&security=1&text=offer+6.10+at+2
1374001701,Team,team=12&security=3&text=6.12+for+8
1374001702,Team,team=4&security=1&text=offer+6.10+at+2
1374001702,Admin,OrderSerial%5b17%5d=17&OrderStatus%5b17%5d=Error&OrderErrorText%5b17%5d=Invalid%2520offer%2520quantity.
1374001702,Team,team=7&security=6&text=offer+9+at+5
1374001703,Admin,OrderSerial%5b18%5d=18&OrderStatus%5b18%5d=Error&OrderErrorText%5b18%5d=Invalid%2520term%2520used%2520in%2520order:%25206.12
1374001705,Team,team=3&security=1&text=bid+10+for+3
1374001707,Team,team=3&security=1&text=bid+10+for+3
1374001709,Team,team=14&security=1&text=bid+3.5+for+10
1374001710,Admin,OrderSerial%5b19%5d=19&OrderStatus%5b19%5d=Error&OrderErrorText%5b19%5d=Invalid%2520offer%2520quantity.
1374001712,Team,team=13&security=5&text=6.6+for+13
1374001713,Team,team=5&security=3&text=offer+4+at+6.2
1374001714,Admin,OrderSerial%5b20%5d=20&OrderStatus%5b20%5d=Working
1374001714,Team,team=10&security=1&text=Bid+for+1000
1374001715,Team,team=5&security=3&text=offer+4+at+6.2
1374001717,Team,team=8&security=1&text=bid+6.09+for+9
1374001717,Admin,OrderSerial%5b21%5d=21&OrderStatus%5b21%5d=Working
1374001719,Team,team=4&security=1&text=offer+2+at+6.10
1374001720,Team,team=11&security=3&text=offer+271+at+3.14
1374001720,Admin,OrderSerial%5b22%5d=22&OrderStatus%5b22%5d=Working
1374001720,Team,team=4&security=1&text=offer+2+at+6.10
1374001722,Team,team=12&security=3&text=6.+12+for+8
1374001723,Team,team=2&security=5&text=bid+9+at+9.45
1374001725,Admin,OrderSerial%5b23%5d=23&OrderStatus%5b23%5d=Working
1374001728,Team,team=8&security=1&text=bid+6.11+for+9
1374001729,Admin,OrderSerial%5b24%5d=24&OrderStatus%5b24%5d=Error&OrderErrorText%5b24%5d=Invalid%2520term%2520used%2520in%2520order:%25206.6
1374001735,Team,team=12&security=3&text=6.+12+for+100
1374001735,Admin,OrderSerial%5b25%5d=25&OrderStatus%5b25%5d=Working
1374001739,Admin,OrderSerial%5b26%5d=26&OrderStatus%5b26%5d=Error&OrderErrorText%5b26%5d=Not%2520enough%2520information%2520for%2520bid.
1374001742,Team,team=2&security=5&text=bid+9.45+for+11
1374001743,Admin,OrderSerial%5b27%5d=27&OrderStatus%5b27%5d=Working
1374001747,Admin,OrderSerial%5b28%5d=28&OrderStatus%5b28%5d=Working
1374001747,Team,team=1&security=6&text=ask+5+for+20
1374001750,Team,team=4&security=2&text=bid+6.10+for+3
1374001750,Admin,OrderSerial%5b29%5d=29&OrderStatus%5b29%5d=Working
1374001753,Admin,OrderSerial%5b15%5d=15&OrderFillQuantity%5b15%5d=100
1374001754,Admin,OrderSerial%5b29%5d=29&OrderFillQuantity%5b29%5d=-100
1374001754,Team,team=9&security=3&text=bid+8+for+10
1374001756,Admin,OrderSerial%5b15%5d=15&OrderStatus%5b15%5d=Ended
1374001758,Admin,OrderSerial%5b29%5d=29&OrderStatus%5b29%5d=Ended
1374001759,Team,team=8&security=1&text=bid+9.11+for+9
1374001761,Team,team=12&security=1&text=6.+12+for+100
1374001761,Team,team=7&security=3&text=offer+20+at+4
1374001763,Team,team=10&security=1&text=Bid+for+1000
1374001764,Team,team=14&security=5&text=bid+4.5+for+4
1374001764,Admin,OrderSerial%5b30%5d=30&OrderStatus%5b30%5d=Working
1374001766,Team,team=15&security=4&text=Bid+6+for+1
1374001766,Team,team=12&security=6&text=6.+12+for+100
1374001766,Team,team=10&security=2&text=Bid+for+1000
1374001770,Admin,OrderSerial%5b31%5d=31&OrderStatus%5b31%5d=Working
1374001772,Admin,OrderSerial%5b22%5d=22&OrderFillQuantity%5b22%5d=3
1374001774,Team,team=4&security=2&text=bid+6.10+for+3
1374001774,Admin,OrderSerial%5b31%5d=31&OrderFillQuantity%5b31%5d=-3
1374001776,Admin,OrderSerial%5b22%5d=22&OrderStatus%5b22%5d=Ended
1374001776,Team,team=2&security=5&text=bid+9.45+for+11
1374001777,Team,team=12&security=6&text=6.+12+for+100
1374001779,Admin,OrderSerial%5b31%5d=31&OrderStatus%5b31%5d=Ended
1374001780,Team,team=15&security=4&text=Bid+6+for+1
1374001780,Team,team=1&security=3&text=ya+halau
1374001787,Team,team=5&security=1&text=bid+5.12+for+8
1374001786,Admin,OrderSerial%5b32%5d=32&OrderStatus%5b32%5d=Error&OrderErrorText%5b32%5d=Invalid%2520term%2520used%2520in%2520order:%25206.
1374001789,Team,team=8&security=1&text=buy+10
1374001792,Admin,OrderSerial%5b33%5d=33&OrderStatus%5b33%5d=Error&OrderErrorText%5b33%5d=Bid%2520must%2520specify%2520for.
1374001796,Admin,OrderSerial%5b34%5d=34&OrderStatus%5b34%5d=Working
1374001797,Team,team=10&security=2&text=Offer+at+Price+90
1374001800,Admin,OrderSerial%5b35%5d=35&OrderStatus%5b35%5d=Error&OrderErrorText%5b35%5d=Invalid%2520term%2520used%2520in%2520order:%25206.
1374001805,Admin,OrderSerial%5b36%5d=36&OrderStatus%5b36%5d=Working
1374001805,Team,team=3&security=6&text=offer+10+for+10
1374001810,Admin,OrderSerial%5b37%5d=37&OrderStatus%5b37%5d=Error&OrderErrorText%5b37%5d=Invalid%2520term%2520used%2520in%2520order:%2520ask
1374001811,Team,team=14&text=cancel+order+23
1374001815,Team,team=8&security=1&text=buy+100
1374001815,Admin,OrderSerial%5b38%5d=38&OrderStatus%5b38%5d=Working
1374001820,Admin,OrderSerial%5b39%5d=39&OrderStatus%5b39%5d=Working
1374001822,Team,team=4&security=4&text=bid+2+for+3
1374001822,Admin,OrderSerial%5b39%5d=39&OrderFillQuantity%5b39%5d=10
1374001825,Team,team=1&security=3&text=%3F%3F%3F%3F
1374001826,Admin,OrderSerial%5b30%5d=30&OrderFillQuantity%5b30%5d=-10
1374001826,Team,team=11&security=6&text=bid+5.50+for+2
1374001828,Admin,OrderSerial%5b39%5d=39&OrderStatus%5b39%5d=Ended
1374001832,Admin,OrderSerial%5b40%5d=40&OrderStatus%5b40%5d=Working
1374001834,Admin,OrderSerial%5b41%5d=41&OrderStatus%5b41%5d=Error&OrderErrorText%5b41%5d=Invalid%2520term%2520used%2520in%2520order:%25206.
1374001835,Team,team=12&security=6&text=bid+6.+12+for+100
1374001837,Team,team=2&security=5&text=bid+11+at+9.45
1374001837,Team,team=3&security=6&text=offer+10+at+10
1374001837,Team,team=12&security=6&text=bid+6.+12+for+100
1374001840,Admin,OrderSerial%5b42%5d=42&OrderStatus%5b42%5d=Working
1374001840,Team,team=8&security=1&text=sell+100
1374001844,Admin,OrderSerial%5b43%5d=43&OrderStatus%5b43%5d=Error&OrderErrorText%5b43%5d=Not%2520enough%2520information%2520for%2520bid.
1374001847,Admin,OrderSerial%5b44%5d=44&OrderStatus%5b44%5d=Working
1374001852,Admin,OrderSerial%5b45%5d=45&OrderStatus%5b45%5d=Working
1374001853,Team,team=12&security=3&text=bid+6.12+for+100
1374001856,Admin,OrderSerial%5b46%5d=46&OrderStatus%5b46%5d=Error&OrderErrorText%5b46%5d=Invalid%2520term%2520used%2520in%2520order:%25206.
1374001861,Team,team=8&security=3&text=buy+100
1374001862,Admin,OrderSerial%5b47%5d=47&OrderStatus%5b47%5d=Error&OrderErrorText%5b47%5d=Not%2520enough%2520information%2520for%2520bid.
1374001868,Admin,OrderSerial%5b48%5d=48&OrderStatus%5b48%5d=Working
1374001872,Admin,OrderSerial%5b49%5d=49&OrderStatus%5b49%5d=Working
1374001876,Admin,OrderSerial%5b50%5d=50&OrderStatus%5b50%5d=Error&OrderErrorText%5b50%5d=Invalid%2520term%2520used%2520in%2520order:%25206.
1374001881,Admin,OrderSerial%5b51%5d=51&OrderStatus%5b51%5d=Working
1374001887,Admin,OrderSerial%5b52%5d=52&OrderStatus%5b52%5d=Error&OrderErrorText%5b52%5d=Invalid%2520term%2520used%2520in%2520order:%2520ya
1374001891,Team,team=12&security=5&text=bid+5.12+for+8
1374001893,Admin,OrderSerial%5b53%5d=53&OrderStatus%5b53%5d=Working
1374001895,Team,team=1&security=...&text=hajimemashte
1374001897,Team,team=7&security=4&text=bid+20+for+3.5
1374001898,Team,team=8&security=3&text=buy+100
1374001899,Team,team=3&security=6&text=buy+3
1374001899,Team,team=8&security=3&text=buy+100
1374001899,Team,team=8&security=3&text=buy+100
1374001899,Team,team=8&security=3&text=buy+100
1374001900,Team,team=8&security=3&text=buy+100
1374001900,Team,team=14&security=6&text=offer+2+at+3
1374001901,Admin,OrderSerial%5b54%5d=54&OrderStatus%5b54%5d=Working
1374001902,Team,team=11&security=5&text=offer+4+at+9.41
1374001903,Team,team=10&security=5&text=Buy+1000
1374001903,Team,team=1&security=...&text=hajimemashte
1374001904,Admin,OrderSerial%5b54%5d=54&OrderStatus%5b54%5d=Error&OrderErrorText%5b54%5d=There%2520were%2520no%2520offers.
1374001906,Admin,OrderSerial%5b54%5d=54&OrderStatus%5b54%5d=Ended
1374001910,Team,team=4&security=4&text=offer+6+at+6.50
1374001912,Team,team=15&security=5&text=Bid+6+for+1
1374001912,Admin,OrderSerial%5b55%5d=55&OrderStatus%5b55%5d=Error&OrderErrorText%5b55%5d=Invalid%2520offer%2520quantity.
1374001914,Team,team=12&security=1&text=bid+5.12+for+8
1374001915,Team,team=10&security=6&text=Sell+2000
1374001915,Team,team=2&security=5&text=bid+9.45+for+13
1374001917,Team,team=2&security=5&text=bid+9.45+for+13
1374001918,Admin,OrderSerial%5b56%5d=56&OrderStatus%5b56%5d=Error&OrderErrorText%5b56%5d=Offer%2520must%2520specify%2520at.
1374001924,Admin,OrderSerial%5b57%5d=57&OrderStatus%5b57%5d=Working
1374001925,Team,team=11&security=5&text=offer+4+for+91.41
1374001926,Team,team=10&security=4&text=Buy+10000
1374001927,Admin,OrderSerial%5b57%5d=57&OrderStatus%5b57%5d=Ended
1374001929,Admin,OrderSerial%5b23%5d=23&OrderStatus%5b23%5d=Ended
1374001933,Team,team=3&security=2&text=buy+3
1374001934,Admin,OrderSerial%5b58%5d=58&OrderStatus%5b58%5d=Working
1374001934,Team,team=10&security=3&text=Sell+10000
1374001934,Team,team=12&security=1&text=ask+5.12+for+100
1374001937,Admin,OrderSerial%5b58%5d=58&OrderStatus%5b58%5d=Error&OrderErrorText%5b58%5d=There%2520were%2520no%2520offers.
1374001939,Admin,OrderSerial%5b58%5d=58&OrderStatus%5b58%5d=Ended
1374001943,Team,team=10&security=1&text=Buy+10000
1374001946,Admin,OrderSerial%5b59%5d=59&OrderStatus%5b59%5d=Working
1374001949,Team,team=10&security=2&text=Sell+1000
1374001952,Admin,OrderSerial%5b60%5d=60&OrderStatus%5b60%5d=Error&OrderErrorText%5b60%5d=Invalid%2520term%2520used%2520in%2520order:%2520%3f%3f%3f%3f
1374001956,Admin,OrderSerial%5b61%5d=61&OrderStatus%5b61%5d=Working
1374001958,Admin,OrderSerial%5b61%5d=61&OrderFillQuantity%5b61%5d=2
1374001959,Admin,OrderSerial%5b20%5d=20&OrderFillQuantity%5b20%5d=-2
1374001961,Admin,OrderSerial%5b61%5d=61&OrderStatus%5b61%5d=Ended
1374001965,Admin,OrderSerial%5b62%5d=62&OrderStatus%5b62%5d=Error&OrderErrorText%5b62%5d=Bid%2520must%2520specify%2520for.
1374001969,Team,team=3&security=3&text=buy+3
1374001970,Admin,OrderSerial%5b63%5d=63&OrderStatus%5b63%5d=Error&OrderErrorText%5b63%5d=Bid%2520must%2520specify%2520for.
1374001974,Admin,OrderSerial%5b64%5d=64&OrderStatus%5b64%5d=Working
1374001974,Team,team=8&security=3&text=offer+100
1374001978,Admin,OrderSerial%5b65%5d=65&OrderStatus%5b65%5d=Error&OrderErrorText%5b65%5d=Bid%2520must%2520specify%2520for.
1374001983,Admin,OrderSerial%5b66%5d=66&OrderStatus%5b66%5d=Working
1374001986,Admin,OrderSerial%5b40%5d=40&OrderFillQuantity%5b40%5d=9
1374001989,Admin,OrderSerial%5b66%5d=66&OrderFillQuantity%5b66%5d=-9
1374001990,Admin,OrderSerial%5b40%5d=40&OrderStatus%5b40%5d=Ended
1374001992,Admin,OrderSerial%5b1%5d=1&OrderFillQuantity%5b1%5d=8
1374001993,Admin,OrderSerial%5b66%5d=66&OrderFillQuantity%5b66%5d=-8
1374001994,Admin,OrderSerial%5b1%5d=1&OrderStatus%5b1%5d=Ended
1374001996,Admin,OrderSerial%5b53%5d=53&OrderFillQuantity%5b53%5d=8
1374001998,Admin,OrderSerial%5b66%5d=66&OrderFillQuantity%5b66%5d=-8
1374001999,Admin,OrderSerial%5b53%5d=53&OrderStatus%5b53%5d=Ended
1374002001,Admin,OrderSerial%5b11%5d=11&OrderFillQuantity%5b11%5d=2
1374002003,Admin,OrderSerial%5b66%5d=66&OrderFillQuantity%5b66%5d=-2
1374002006,Admin,OrderSerial%5b11%5d=11&OrderStatus%5b11%5d=Ended
1374002007,Admin,OrderSerial%5b66%5d=66&OrderStatus%5b66%5d=Ended
1374002008,Admin,kill=1
1374002020,Admin,Market=Initialize
1374002023,Admin,Team%5b1%5d=GCS&Team%5b2%5d=GCS&Team%5b3%5d=GCS&Team%5b4%5d=GCS&Team%5b5%5d=GCS&Team%5b6%5d=GCS&Team%5b7%5d=GCS&Team%5b8%5d=GCS&Team%5b9%5d=GCS&Team%5b10%5d=GCS&Team%5b11%5d=GCS&Team%5b12%5d=GCS&Team%5b13%5d=GCS&Team%5b14%5d=GCS&Team%5b15%5d=GCS
1374002025,Team,team=12&security=6&text=offer+5.12+for+100
1374002025,Team,team=2&text=cancel+all
1374002027,Admin,Security%5b1%5d=1Bull&Security%5b2%5d=1Bear&Security%5b3%5d=2Bull&Security%5b4%5d=2Bear&Security%5b5%5d=3Bull&Security%5b6%5d=3Bear
1374002032,Admin,Market=Open&Duration=900
1374002034,Admin,OrderSerial%5b1%5d=1&OrderStatus%5b1%5d=Error&OrderErrorText%5b1%5d=Invalid%2520offer%2520quantity.
1374002036,Admin,OrderSerial%5b2%5d=2&OrderStatus%5b2%5d=Working
1374002037,Admin,OrderSerial%5b2%5d=2&OrderStatus%5b2%5d=Ended
1374002046,Team,team=8&security=1&text=offer+20
1374002048,Admin,OrderSerial%5b3%5d=3&OrderStatus%5b3%5d=Error&OrderErrorText%5b3%5d=Not%2520enough%2520information%2520for%2520offer.
1374002051,Team,team=12&security=6&text=offer+5.12+for+8
1374002055,Admin,OrderSerial%5b4%5d=4&OrderStatus%5b4%5d=Error&OrderErrorText%5b4%5d=Invalid%2520offer%2520quantity.
1374002059,Team,team=3&security=6&text=buy+3
1374002061,Admin,OrderSerial%5b5%5d=5&OrderStatus%5b5%5d=Working
1374002061,Team,team=12&security=6&text=offer+5.12+for+100
1374002061,Admin,OrderSerial%5b5%5d=5&OrderStatus%5b5%5d=Error&OrderErrorText%5b5%5d=There%2520were%2520no%2520offers.
1374002063,Admin,OrderSerial%5b5%5d=5&OrderStatus%5b5%5d=Ended
1374002065,Admin,OrderSerial%5b6%5d=6&OrderStatus%5b6%5d=Error&OrderErrorText%5b6%5d=Invalid%2520offer%2520quantity.
1374002069,Team,team=8&security=1&text=offer+20+at+20
1374002070,Team,team=3&security=6&text=sell+100
1374002071,Admin,OrderSerial%5b7%5d=7&OrderStatus%5b7%5d=Working
1374002072,Admin,OrderSerial%5b8%5d=8&OrderStatus%5b8%5d=Working
1374002073,Admin,OrderSerial%5b8%5d=8&OrderStatus%5b8%5d=Error&OrderErrorText%5b8%5d=There%2520were%2520no%2520bids.
1374002074,Admin,OrderSerial%5b8%5d=8&OrderStatus%5b8%5d=Ended
1374002077,Team,team=12&security=6&text=bid+5.12+for+1000
1374002079,Admin,OrderSerial%5b9%5d=9&OrderStatus%5b9%5d=Working
1374002084,Team,team=8&security=1&text=offer+20+at+20
1374002085,Admin,OrderSerial%5b10%5d=10&OrderStatus%5b10%5d=Working
1374002090,Team,team=8&security=1&text=buy+20+at+20
1374002090,Team,team=3&security=1&text=offer+100+at+50
1374002092,Admin,OrderSerial%5b11%5d=11&OrderStatus%5b11%5d=Error&OrderErrorText%5b11%5d=Invalid%2520term%2520used%2520in%2520order:%2520at
1374002094,Admin,OrderSerial%5b12%5d=12&OrderStatus%5b12%5d=Working
1374002100,Team,team=8&security=1&text=buy+20+at+20
1374002102,Team,team=12&security=2&text=bid+5.12+for+1000
1374002103,Admin,OrderSerial%5b13%5d=13&OrderStatus%5b13%5d=Error&OrderErrorText%5b13%5d=Invalid%2520term%2520used%2520in%2520order:%2520at
1374002106,Admin,OrderSerial%5b14%5d=14&OrderStatus%5b14%5d=Working
1374002107,Team,team=3&security=1&text=offer+1000+at+50
1374002110,Admin,OrderSerial%5b15%5d=15&OrderStatus%5b15%5d=Working
1374002118,Team,team=3&security=1&text=offer+1000+at+80
1374002121,Admin,OrderSerial%5b16%5d=16&OrderStatus%5b16%5d=Working
1374002127,Team,team=3&security=1&text=offer+10000+at+80
1374002130,Admin,OrderSerial%5b17%5d=17&OrderStatus%5b17%5d=Working
1374002220,Team,team=3&security=1&text=offer+10000+at+80
1374002221,Team,team=3&security=1&text=offer+10000+at+80
1374002222,Team,team=3&security=1&text=offer+10000+at+80
1374002223,Team,team=3&security=1&text=offer+10000+at+80
1374002223,Team,team=3&security=1&text=offer+10000+at+80
1374002223,Admin,OrderSerial%5b18%5d=18&OrderStatus%5b18%5d=Working
1374002223,Team,team=3&security=1&text=offer+10000+at+80
1374002224,Team,team=3&security=1&text=offer+10000+at+80
1374002224,Team,team=3&security=1&text=offer+10000+at+80
1374002226,Admin,OrderSerial%5b19%5d=19&OrderStatus%5b19%5d=Working
1374002227,Admin,OrderSerial%5b20%5d=20&OrderStatus%5b20%5d=Working
1374002228,Team,team=3&security=3&text=offer+10000+at+80
1374002228,Team,team=3&security=3&text=offer+10000+at+80
1374002229,Team,team=3&security=3&text=offer+10000+at+80
1374002229,Admin,OrderSerial%5b21%5d=21&OrderStatus%5b21%5d=Working
1374002229,Team,team=3&security=3&text=offer+10000+at+80
1374002230,Team,team=3&security=3&text=offer+10000+at+80
1374002230,Team,team=3&security=3&text=offer+10000+at+80
1374002231,Team,team=3&security=3&text=offer+10000+at+80
1374002232,Team,team=3&security=3&text=offer+10000+at+80
1374002232,Admin,OrderSerial%5b22%5d=22&OrderStatus%5b22%5d=Working
1374002234,Team,team=3&security=6&text=offer+10000+at+80
1374002235,Team,team=3&security=6&text=offer+10000+at+80
1374002235,Admin,OrderSerial%5b23%5d=23&OrderStatus%5b23%5d=Working
1374002235,Team,team=3&security=6&text=offer+10000+at+80
1374002235,Team,team=3&security=6&text=offer+10000+at+80
1374002236,Team,team=3&security=6&text=offer+10000+at+80
1374002236,Admin,OrderSerial%5b24%5d=24&OrderStatus%5b24%5d=Working
1374002239,Admin,OrderSerial%5b25%5d=25&OrderStatus%5b25%5d=Working
1374002241,Admin,OrderSerial%5b26%5d=26&OrderStatus%5b26%5d=Working
1374002243,Admin,OrderSerial%5b27%5d=27&OrderStatus%5b27%5d=Working
1374002245,Admin,OrderSerial%5b28%5d=28&OrderStatus%5b28%5d=Working
1374002246,Admin,OrderSerial%5b29%5d=29&OrderStatus%5b29%5d=Working
1374002248,Admin,OrderSerial%5b30%5d=30&OrderStatus%5b30%5d=Working
1374002250,Admin,OrderSerial%5b31%5d=31&OrderStatus%5b31%5d=Working
1374002251,Admin,OrderSerial%5b32%5d=32&OrderStatus%5b32%5d=Working
1374002253,Admin,OrderSerial%5b33%5d=33&OrderStatus%5b33%5d=Working
1374002254,Admin,OrderSerial%5b34%5d=34&OrderStatus%5b34%5d=Working
1374002256,Admin,OrderSerial%5b35%5d=35&OrderStatus%5b35%5d=Working
1374002259,Admin,OrderSerial%5b36%5d=36&OrderStatus%5b36%5d=Working
1374002260,Admin,OrderSerial%5b37%5d=37&OrderStatus%5b37%5d=Working
1374002262,Admin,OrderSerial%5b38%5d=38&OrderStatus%5b38%5d=Working
1374002289,Admin,kill=1
1374003691,Admin,Market=Initialize
1374003693,Admin,Team%5b1%5d=GCS&Team%5b2%5d=GCS&Team%5b3%5d=GCS&Team%5b4%5d=GCS&Team%5b5%5d=GCS&Team%5b6%5d=GCS&Team%5b7%5d=GCS&Team%5b8%5d=GCS&Team%5b9%5d=GCS&Team%5b10%5d=GCS&Team%5b11%5d=GCS&Team%5b12%5d=GCS&Team%5b13%5d=GCS&Team%5b14%5d=GCS&Team%5b15%5d=GCS
1374003694,Admin,Security%5b1%5d=1Bull&Security%5b2%5d=1Bear&Security%5b3%5d=2Bull&Security%5b4%5d=2Bear&Security%5b5%5d=3Bull&Security%5b6%5d=3Bear
1374003726,Admin,Market=Open&Duration=900
1374003798,Admin,kill=1
1374003858,Admin,Market=Initialize
1374003859,Admin,Team%5b1%5d=GCS&Team%5b2%5d=GCS&Team%5b3%5d=GCS&Team%5b4%5d=GCS&Team%5b5%5d=GCS&Team%5b6%5d=GCS&Team%5b7%5d=GCS&Team%5b8%5d=GCS&Team%5b9%5d=GCS&Team%5b10%5d=GCS&Team%5b11%5d=GCS&Team%5b12%5d=GCS&Team%5b13%5d=GCS&Team%5b14%5d=GCS&Team%5b15%5d=GCS
1374003859,Admin,Security%5b1%5d=1Bull&Security%5b2%5d=1Bear&Security%5b3%5d=2Bull&Security%5b4%5d=2Bear&Security%5b5%5d=3Bull&Security%5b6%5d=3Bear
1374003862,Admin,Market=Open&Duration=89970
1374004363,Team,team=1&security=1&text=bid+5.12+for+8
1374004364,Admin,OrderSerial%5b1%5d=1&OrderStatus%5b1%5d=Working
1374004405,Team,team=2&security=1&text=sell+3
1374004407,Admin,OrderSerial%5b2%5d=2&OrderStatus%5b2%5d=Working
1374004407,Admin,OrderSerial%5b1%5d=1&OrderFillQuantity%5b1%5d=3
1374004408,Admin,OrderSerial%5b2%5d=2&OrderFillQuantity%5b2%5d=-1&OrderFillPrice%5b2%5d=5.10
1374004409,Admin,OrderSerial%5b2%5d=2&OrderFillQuantity%5b2%5d=-2&OrderFillPrice%5b2%5d=5.08
1374004409,Admin,OrderSerial%5b2%5d=2&OrderStatus%5b2%5d=Ended
1374076478,Team,team=2&security=3&text=sure
1374076478,Admin,OrderSerial[3]=3&OrderStatus[3]=Error&OrderErrorText[3]=What+the+fuck+is+sure
